[ 2017-09-30T08:49:05+08:00 ] ::1 /admin.php/Index/
INFO: [ app_init ] --START--
INFO: Run Behavior\BuildLiteBehavior [ RunTime:0.000047s ]
INFO: [ app_init ] --END-- [ RunTime:0.114443s ]
INFO: [ app_begin ] --START--
INFO: Run Behavior\ReadHtmlCacheBehavior [ RunTime:0.207978s ]
INFO: Run Behavior\CheckLangBehavior [ RunTime:0.115566s ]
NOTIC: [8] Constant LANG_SET already defined G:\working\PHP\weiyun\ThinkPHPFrame\Library\Behavior\CheckLangBehavior.class.php 第 55 行.
INFO: Run Behavior\CheckLangBehavior [ RunTime:0.002287s ]
INFO: [ app_begin ] --END-- [ RunTime:0.326401s ]
SQL: SHOW COLUMNS FROM `yefan_admin_role` [ RunTime:0.4328s ]
SQL: SHOW COLUMNS FROM `yefan_admin_role` [ RunTime:0.0012s ]
SQL: SELECT * FROM `yefan_admin_role` WHERE ( admin_id=46 )  [ RunTime:0.0546s ]
SQL: SHOW COLUMNS FROM `yefan_role_module` [ RunTime:0.0306s ]
SQL: SHOW COLUMNS FROM `yefan_role_module` [ RunTime:0.0007s ]
SQL: SELECT * FROM `yefan_role_module` WHERE ( role_id=52 )  [ RunTime:0.0009s ]
SQL: SHOW COLUMNS FROM `yefan_module` [ RunTime:0.0203s ]
SQL: SHOW COLUMNS FROM `yefan_module` [ RunTime:0.0007s ]
SQL: SELECT * FROM `yefan_module` WHERE ( module_id=1 ) LIMIT 1   [ RunTime:0.0590s ]
SQL: SELECT * FROM `yefan_module` WHERE ( module_id=2 ) LIMIT 1   [ RunTime:0.0004s ]
SQL: SELECT * FROM `yefan_module` WHERE ( module_id=185 ) LIMIT 1   [ RunTime:0.0003s ]
SQL: SELECT * FROM `yefan_module` WHERE ( module_id=188 ) LIMIT 1   [ RunTime:0.0003s ]
SQL: SELECT * FROM `yefan_module` WHERE ( module_id=189 ) LIMIT 1   [ RunTime:0.0003s ]
SQL: SELECT * FROM `yefan_module` WHERE ( module_id=219 ) LIMIT 1   [ RunTime:0.0004s ]
SQL: SELECT * FROM `yefan_module` WHERE ( module_id=220 ) LIMIT 1   [ RunTime:0.0004s ]
SQL: SELECT * FROM `yefan_module` WHERE ( module_id=221 ) LIMIT 1   [ RunTime:0.0004s ]
SQL: SELECT * FROM `yefan_module` WHERE ( module_id=222 ) LIMIT 1   [ RunTime:0.0003s ]
SQL: SELECT * FROM `yefan_module` WHERE ( module_id=223 ) LIMIT 1   [ RunTime:0.0003s ]
SQL: SELECT * FROM `yefan_module` WHERE ( module_id=224 ) LIMIT 1   [ RunTime:0.0003s ]
SQL: SELECT * FROM `yefan_module` WHERE ( module_id=225 ) LIMIT 1   [ RunTime:0.0004s ]
SQL: SELECT * FROM `yefan_module` WHERE ( module_id=226 ) LIMIT 1   [ RunTime:0.0004s ]
SQL: SELECT * FROM `yefan_module` WHERE ( module_id=227 ) LIMIT 1   [ RunTime:0.0005s ]
SQL: SELECT * FROM `yefan_module` WHERE ( module_id=228 ) LIMIT 1   [ RunTime:0.0003s ]
SQL: SELECT * FROM `yefan_module` WHERE ( module_id=229 ) LIMIT 1   [ RunTime:0.0005s ]
SQL: SELECT * FROM `yefan_module` WHERE ( module_id=340 ) LIMIT 1   [ RunTime:0.0004s ]
SQL: SELECT * FROM `yefan_module` WHERE ( module_id=477 ) LIMIT 1   [ RunTime:0.0004s ]
SQL: SELECT * FROM `yefan_module` WHERE ( module_id=478 ) LIMIT 1   [ RunTime:0.0003s ]
SQL: SELECT * FROM `yefan_module` WHERE ( module_id=900 ) LIMIT 1   [ RunTime:0.0004s ]
SQL: SELECT * FROM `yefan_module` WHERE ( module_id=904 ) LIMIT 1   [ RunTime:0.0005s ]
SQL: SELECT * FROM `yefan_module` WHERE ( module_id=3 ) LIMIT 1   [ RunTime:0.0005s ]
SQL: SELECT * FROM `yefan_module` WHERE ( module_id=331 ) LIMIT 1   [ RunTime:0.0005s ]
SQL: SELECT * FROM `yefan_module` WHERE ( module_id=332 ) LIMIT 1   [ RunTime:0.0004s ]
SQL: SELECT * FROM `yefan_module` WHERE ( module_id=336 ) LIMIT 1   [ RunTime:0.0003s ]
SQL: SELECT * FROM `yefan_module` WHERE ( module_id=337 ) LIMIT 1   [ RunTime:0.0003s ]
SQL: SELECT * FROM `yefan_module` WHERE ( module_id=338 ) LIMIT 1   [ RunTime:0.0003s ]
SQL: SELECT * FROM `yefan_module` WHERE ( module_id=339 ) LIMIT 1   [ RunTime:0.0004s ]
SQL: SELECT * FROM `yefan_module` WHERE ( module_id=341 ) LIMIT 1   [ RunTime:0.0005s ]
SQL: SELECT * FROM `yefan_module` WHERE ( module_id=356 ) LIMIT 1   [ RunTime:0.0005s ]
SQL: SELECT * FROM `yefan_module` WHERE ( module_id=358 ) LIMIT 1   [ RunTime:0.0003s ]
SQL: SELECT * FROM `yefan_module` WHERE ( module_id=359 ) LIMIT 1   [ RunTime:0.0003s ]
SQL: SELECT * FROM `yefan_module` WHERE ( module_id=360 ) LIMIT 1   [ RunTime:0.0008s ]
SQL: SELECT * FROM `yefan_module` WHERE ( module_id=361 ) LIMIT 1   [ RunTime:0.0003s ]
SQL: SELECT * FROM `yefan_module` WHERE ( module_id=362 ) LIMIT 1   [ RunTime:0.0003s ]
SQL: SELECT * FROM `yefan_module` WHERE ( module_id=363 ) LIMIT 1   [ RunTime:0.0003s ]
SQL: SELECT * FROM `yefan_module` WHERE ( module_id=364 ) LIMIT 1   [ RunTime:0.0003s ]
SQL: SELECT * FROM `yefan_module` WHERE ( module_id=378 ) LIMIT 1   [ RunTime:0.0004s ]
SQL: SELECT * FROM `yefan_module` WHERE ( module_id=379 ) LIMIT 1   [ RunTime:0.0003s ]
SQL: SELECT * FROM `yefan_module` WHERE ( module_id=380 ) LIMIT 1   [ RunTime:0.0003s ]
SQL: SELECT * FROM `yefan_module` WHERE ( module_id=381 ) LIMIT 1   [ RunTime:0.0004s ]
SQL: SELECT * FROM `yefan_module` WHERE ( module_id=382 ) LIMIT 1   [ RunTime:0.0006s ]
SQL: SELECT * FROM `yefan_module` WHERE ( module_id=383 ) LIMIT 1   [ RunTime:0.0004s ]
SQL: SELECT * FROM `yefan_module` WHERE ( module_id=384 ) LIMIT 1   [ RunTime:0.0003s ]
SQL: SELECT * FROM `yefan_module` WHERE ( module_id=385 ) LIMIT 1   [ RunTime:0.0004s ]
SQL: SELECT * FROM `yefan_module` WHERE ( module_id=386 ) LIMIT 1   [ RunTime:0.0005s ]
SQL: SELECT * FROM `yefan_module` WHERE ( module_id=394 ) LIMIT 1   [ RunTime:0.0004s ]
SQL: SELECT * FROM `yefan_module` WHERE ( module_id=396 ) LIMIT 1   [ RunTime:0.0003s ]
SQL: SELECT * FROM `yefan_module` WHERE ( module_id=4 ) LIMIT 1   [ RunTime:0.0004s ]
SQL: SELECT * FROM `yefan_module` WHERE ( module_id=327 ) LIMIT 1   [ RunTime:0.0003s ]
SQL: SELECT * FROM `yefan_module` WHERE ( module_id=328 ) LIMIT 1   [ RunTime:0.0003s ]
SQL: SELECT * FROM `yefan_module` WHERE ( module_id=329 ) LIMIT 1   [ RunTime:0.0003s ]
SQL: SELECT * FROM `yefan_module` WHERE ( module_id=330 ) LIMIT 1   [ RunTime:0.0003s ]
SQL: SELECT * FROM `yefan_module` WHERE ( module_id=333 ) LIMIT 1   [ RunTime:0.0002s ]
SQL: SELECT * FROM `yefan_module` WHERE ( module_id=334 ) LIMIT 1   [ RunTime:0.0003s ]
SQL: SELECT * FROM `yefan_module` WHERE ( module_id=346 ) LIMIT 1   [ RunTime:0.0003s ]
SQL: SELECT * FROM `yefan_module` WHERE ( module_id=401 ) LIMIT 1   [ RunTime:0.0002s ]
SQL: SELECT * FROM `yefan_module` WHERE ( module_id=402 ) LIMIT 1   [ RunTime:0.0003s ]
SQL: SELECT * FROM `yefan_module` WHERE ( module_id=403 ) LIMIT 1   [ RunTime:0.0003s ]
SQL: SELECT * FROM `yefan_module` WHERE ( module_id=404 ) LIMIT 1   [ RunTime:0.0003s ]
SQL: SELECT * FROM `yefan_module` WHERE ( module_id=405 ) LIMIT 1   [ RunTime:0.0003s ]
SQL: SELECT * FROM `yefan_module` WHERE ( module_id=406 ) LIMIT 1   [ RunTime:0.0002s ]
SQL: SELECT * FROM `yefan_module` WHERE ( module_id=5 ) LIMIT 1   [ RunTime:0.0003s ]
SQL: SELECT * FROM `yefan_module` WHERE ( module_id=347 ) LIMIT 1   [ RunTime:0.0004s ]
SQL: SELECT * FROM `yefan_module` WHERE ( module_id=348 ) LIMIT 1   [ RunTime:0.0003s ]
SQL: SELECT * FROM `yefan_module` WHERE ( module_id=349 ) LIMIT 1   [ RunTime:0.0003s ]
SQL: SELECT * FROM `yefan_module` WHERE ( module_id=350 ) LIMIT 1   [ RunTime:0.0003s ]
SQL: SELECT * FROM `yefan_module` WHERE ( module_id=351 ) LIMIT 1   [ RunTime:0.0003s ]
SQL: SELECT * FROM `yefan_module` WHERE ( module_id=352 ) LIMIT 1   [ RunTime:0.0003s ]
SQL: SELECT * FROM `yefan_module` WHERE ( module_id=353 ) LIMIT 1   [ RunTime:0.0003s ]
SQL: SELECT * FROM `yefan_module` WHERE ( module_id=354 ) LIMIT 1   [ RunTime:0.0003s ]
SQL: SELECT * FROM `yefan_module` WHERE ( module_id=355 ) LIMIT 1   [ RunTime:0.0003s ]
SQL: SELECT * FROM `yefan_module` WHERE ( module_id=357 ) LIMIT 1   [ RunTime:0.0002s ]
SQL: SELECT * FROM `yefan_module` WHERE ( module_id=365 ) LIMIT 1   [ RunTime:0.0003s ]
SQL: SELECT * FROM `yefan_module` WHERE ( module_id=366 ) LIMIT 1   [ RunTime:0.0003s ]
SQL: SELECT * FROM `yefan_module` WHERE ( module_id=367 ) LIMIT 1   [ RunTime:0.0002s ]
SQL: SELECT * FROM `yefan_module` WHERE ( module_id=368 ) LIMIT 1   [ RunTime:0.0004s ]
SQL: SELECT * FROM `yefan_module` WHERE ( module_id=369 ) LIMIT 1   [ RunTime:0.0005s ]
SQL: SELECT * FROM `yefan_module` WHERE ( module_id=370 ) LIMIT 1   [ RunTime:0.0004s ]
SQL: SELECT * FROM `yefan_module` WHERE ( module_id=371 ) LIMIT 1   [ RunTime:0.0004s ]
SQL: SELECT * FROM `yefan_module` WHERE ( module_id=372 ) LIMIT 1   [ RunTime:0.0005s ]
SQL: SELECT * FROM `yefan_module` WHERE ( module_id=373 ) LIMIT 1   [ RunTime:0.0003s ]
SQL: SELECT * FROM `yefan_module` WHERE ( module_id=374 ) LIMIT 1   [ RunTime:0.0004s ]
SQL: SELECT * FROM `yefan_module` WHERE ( module_id=375 ) LIMIT 1   [ RunTime:0.0005s ]
SQL: SELECT * FROM `yefan_module` WHERE ( module_id=376 ) LIMIT 1   [ RunTime:0.0004s ]
SQL: SELECT * FROM `yefan_module` WHERE ( module_id=377 ) LIMIT 1   [ RunTime:0.0003s ]
SQL: SELECT * FROM `yefan_module` WHERE ( module_id=387 ) LIMIT 1   [ RunTime:0.0003s ]
SQL: SELECT * FROM `yefan_module` WHERE ( module_id=388 ) LIMIT 1   [ RunTime:0.0003s ]
SQL: SELECT * FROM `yefan_module` WHERE ( module_id=389 ) LIMIT 1   [ RunTime:0.0003s ]
SQL: SELECT * FROM `yefan_module` WHERE ( module_id=390 ) LIMIT 1   [ RunTime:0.0003s ]
SQL: SELECT * FROM `yefan_module` WHERE ( module_id=391 ) LIMIT 1   [ RunTime:0.0003s ]
SQL: SELECT * FROM `yefan_module` WHERE ( module_id=392 ) LIMIT 1   [ RunTime:0.0003s ]
SQL: SELECT * FROM `yefan_module` WHERE ( module_id=393 ) LIMIT 1   [ RunTime:0.0003s ]
SQL: SELECT * FROM `yefan_module` WHERE ( module_id=395 ) LIMIT 1   [ RunTime:0.0003s ]
SQL: SELECT * FROM `yefan_module` WHERE ( module_id=398 ) LIMIT 1   [ RunTime:0.0003s ]
SQL: SELECT * FROM `yefan_module` WHERE ( module_id=399 ) LIMIT 1   [ RunTime:0.0002s ]
SQL: SELECT * FROM `yefan_module` WHERE ( module_id=400 ) LIMIT 1   [ RunTime:0.0002s ]
SQL: SELECT * FROM `yefan_module` WHERE ( module_id=901 ) LIMIT 1   [ RunTime:0.0002s ]
SQL: SELECT * FROM `yefan_module` WHERE ( module_id=905 ) LIMIT 1   [ RunTime:0.0002s ]
SQL: SELECT * FROM `yefan_module` WHERE ( module_id=906 ) LIMIT 1   [ RunTime:0.0005s ]
SQL: SHOW COLUMNS FROM `yefan_web_config` [ RunTime:0.0314s ]
SQL: SHOW COLUMNS FROM `yefan_web_config` [ RunTime:0.0014s ]
SQL: SELECT * FROM `yefan_web_config` LIMIT 1   [ RunTime:0.0005s ]
SQL: SHOW COLUMNS FROM `yefan_menu_group` [ RunTime:0.0474s ]
SQL: SHOW COLUMNS FROM `yefan_menu_group` [ RunTime:0.0008s ]
SQL: SELECT * FROM `yefan_menu_group` WHERE ( is_hidden=0 ) ORDER BY group_order desc  [ RunTime:0.0005s ]
SQL: SHOW COLUMNS FROM `yefan_admin_menu` [ RunTime:0.1184s ]
SQL: SHOW COLUMNS FROM `yefan_admin_menu` [ RunTime:0.0020s ]
SQL: SELECT * FROM `yefan_admin_menu` WHERE ( is_hidden=0 ) ORDER BY menu_order desc  [ RunTime:0.0021s ]
SQL: SELECT `admin_page` FROM `yefan_web_config` LIMIT 1   [ RunTime:0.0006s ]
SQL: SELECT `admin_page` FROM `yefan_web_config` LIMIT 1   [ RunTime:0.0005s ]
SQL: SHOW COLUMNS FROM `yefan_upload` [ RunTime:0.0765s ]
SQL: SELECT * FROM `yefan_upload` WHERE `admin_id` = 46 LIMIT 1   [ RunTime:0.0005s ]
SQL: SELECT * FROM `yefan_menu_group` WHERE ( is_hidden=0 ) ORDER BY group_order desc  [ RunTime:0.0005s ]
INFO: [ view_parse ] --START--
INFO: [ template_filter ] --START--
INFO: Run Behavior\ContentReplaceBehavior [ RunTime:0.005055s ]
INFO: [ template_filter ] --END-- [ RunTime:0.005437s ]
INFO: Run Behavior\ParseTemplateBehavior [ RunTime:1.562486s ]
INFO: [ view_parse ] --END-- [ RunTime:1.562719s ]
INFO: [ view_filter ] --START--
INFO: Run Behavior\WriteHtmlCacheBehavior [ RunTime:0.086334s ]
INFO: [ view_filter ] --END-- [ RunTime:0.086572s ]
INFO: [ app_end ] --START--
INFO: Run Behavior\ShowPageTraceBehavior [ RunTime:0.047171s ]
INFO: [ app_end ] --END-- [ RunTime:0.047433s ]

[ 2017-09-30T08:49:21+08:00 ] ::1 /admin.php/Index/map.html
INFO: [ app_init ] --START--
INFO: Run Behavior\BuildLiteBehavior [ RunTime:0.000039s ]
INFO: [ app_init ] --END-- [ RunTime:0.000972s ]
INFO: [ app_begin ] --START--
INFO: Run Behavior\ReadHtmlCacheBehavior [ RunTime:0.002145s ]
INFO: Run Behavior\CheckLangBehavior [ RunTime:0.004553s ]
NOTIC: [8] Constant LANG_SET already defined G:\working\PHP\weiyun\ThinkPHPFrame\Library\Behavior\CheckLangBehavior.class.php 第 55 行.
INFO: Run Behavior\CheckLangBehavior [ RunTime:0.002597s ]
INFO: [ app_begin ] --END-- [ RunTime:0.009727s ]
SQL: SHOW COLUMNS FROM `yefan_admin_role` [ RunTime:0.0027s ]
SQL: SHOW COLUMNS FROM `yefan_admin_role` [ RunTime:0.0007s ]
SQL: SELECT * FROM `yefan_admin_role` WHERE ( admin_id=46 )  [ RunTime:0.0004s ]
SQL: SHOW COLUMNS FROM `yefan_role_module` [ RunTime:0.0039s ]
SQL: SHOW COLUMNS FROM `yefan_role_module` [ RunTime:0.0012s ]
SQL: SELECT * FROM `yefan_role_module` WHERE ( role_id=52 )  [ RunTime:0.0018s ]
SQL: SHOW COLUMNS FROM `yefan_module` [ RunTime:0.0044s ]
SQL: SHOW COLUMNS FROM `yefan_module` [ RunTime:0.0009s ]
SQL: SELECT * FROM `yefan_module` WHERE ( module_id=1 ) LIMIT 1   [ RunTime:0.0005s ]
SQL: SELECT * FROM `yefan_module` WHERE ( module_id=2 ) LIMIT 1   [ RunTime:0.0005s ]
SQL: SELECT * FROM `yefan_module` WHERE ( module_id=185 ) LIMIT 1   [ RunTime:0.0004s ]
SQL: SELECT * FROM `yefan_module` WHERE ( module_id=188 ) LIMIT 1   [ RunTime:0.0004s ]
SQL: SELECT * FROM `yefan_module` WHERE ( module_id=189 ) LIMIT 1   [ RunTime:0.0003s ]
SQL: SELECT * FROM `yefan_module` WHERE ( module_id=219 ) LIMIT 1   [ RunTime:0.0002s ]
SQL: SELECT * FROM `yefan_module` WHERE ( module_id=220 ) LIMIT 1   [ RunTime:0.0002s ]
SQL: SELECT * FROM `yefan_module` WHERE ( module_id=221 ) LIMIT 1   [ RunTime:0.0002s ]
SQL: SELECT * FROM `yefan_module` WHERE ( module_id=222 ) LIMIT 1   [ RunTime:0.0002s ]
SQL: SELECT * FROM `yefan_module` WHERE ( module_id=223 ) LIMIT 1   [ RunTime:0.0005s ]
SQL: SELECT * FROM `yefan_module` WHERE ( module_id=224 ) LIMIT 1   [ RunTime:0.0006s ]
SQL: SELECT * FROM `yefan_module` WHERE ( module_id=225 ) LIMIT 1   [ RunTime:0.0006s ]
SQL: SELECT * FROM `yefan_module` WHERE ( module_id=226 ) LIMIT 1   [ RunTime:0.0008s ]
SQL: SELECT * FROM `yefan_module` WHERE ( module_id=227 ) LIMIT 1   [ RunTime:0.0006s ]
SQL: SELECT * FROM `yefan_module` WHERE ( module_id=228 ) LIMIT 1   [ RunTime:0.0003s ]
SQL: SELECT * FROM `yefan_module` WHERE ( module_id=229 ) LIMIT 1   [ RunTime:0.0006s ]
SQL: SELECT * FROM `yefan_module` WHERE ( module_id=340 ) LIMIT 1   [ RunTime:0.0005s ]
SQL: SELECT * FROM `yefan_module` WHERE ( module_id=477 ) LIMIT 1   [ RunTime:0.0003s ]
SQL: SELECT * FROM `yefan_module` WHERE ( module_id=478 ) LIMIT 1   [ RunTime:0.0002s ]
SQL: SELECT * FROM `yefan_module` WHERE ( module_id=900 ) LIMIT 1   [ RunTime:0.0003s ]
SQL: SELECT * FROM `yefan_module` WHERE ( module_id=904 ) LIMIT 1   [ RunTime:0.0003s ]
SQL: SELECT * FROM `yefan_module` WHERE ( module_id=3 ) LIMIT 1   [ RunTime:0.0005s ]
SQL: SELECT * FROM `yefan_module` WHERE ( module_id=331 ) LIMIT 1   [ RunTime:0.0005s ]
SQL: SELECT * FROM `yefan_module` WHERE ( module_id=332 ) LIMIT 1   [ RunTime:0.0005s ]
SQL: SELECT * FROM `yefan_module` WHERE ( module_id=336 ) LIMIT 1   [ RunTime:0.0005s ]
SQL: SELECT * FROM `yefan_module` WHERE ( module_id=337 ) LIMIT 1   [ RunTime:0.0005s ]
SQL: SELECT * FROM `yefan_module` WHERE ( module_id=338 ) LIMIT 1   [ RunTime:0.0015s ]
SQL: SELECT * FROM `yefan_module` WHERE ( module_id=339 ) LIMIT 1   [ RunTime:0.0007s ]
SQL: SELECT * FROM `yefan_module` WHERE ( module_id=341 ) LIMIT 1   [ RunTime:0.0006s ]
SQL: SELECT * FROM `yefan_module` WHERE ( module_id=356 ) LIMIT 1   [ RunTime:0.0005s ]
SQL: SELECT * FROM `yefan_module` WHERE ( module_id=358 ) LIMIT 1   [ RunTime:0.0005s ]
SQL: SELECT * FROM `yefan_module` WHERE ( module_id=359 ) LIMIT 1   [ RunTime:0.0005s ]
SQL: SELECT * FROM `yefan_module` WHERE ( module_id=360 ) LIMIT 1   [ RunTime:0.0006s ]
SQL: SELECT * FROM `yefan_module` WHERE ( module_id=361 ) LIMIT 1   [ RunTime:0.0005s ]
SQL: SELECT * FROM `yefan_module` WHERE ( module_id=362 ) LIMIT 1   [ RunTime:0.0004s ]
SQL: SELECT * FROM `yefan_module` WHERE ( module_id=363 ) LIMIT 1   [ RunTime:0.0005s ]
SQL: SELECT * FROM `yefan_module` WHERE ( module_id=364 ) LIMIT 1   [ RunTime:0.0005s ]
SQL: SELECT * FROM `yefan_module` WHERE ( module_id=378 ) LIMIT 1   [ RunTime:0.0006s ]
SQL: SELECT * FROM `yefan_module` WHERE ( module_id=379 ) LIMIT 1   [ RunTime:0.0005s ]
SQL: SELECT * FROM `yefan_module` WHERE ( module_id=380 ) LIMIT 1   [ RunTime:0.0005s ]
SQL: SELECT * FROM `yefan_module` WHERE ( module_id=381 ) LIMIT 1   [ RunTime:0.0005s ]
SQL: SELECT * FROM `yefan_module` WHERE ( module_id=382 ) LIMIT 1   [ RunTime:0.0004s ]
SQL: SELECT * FROM `yefan_module` WHERE ( module_id=383 ) LIMIT 1   [ RunTime:0.0012s ]
SQL: SELECT * FROM `yefan_module` WHERE ( module_id=384 ) LIMIT 1   [ RunTime:0.0010s ]
SQL: SELECT * FROM `yefan_module` WHERE ( module_id=385 ) LIMIT 1   [ RunTime:0.0006s ]
SQL: SELECT * FROM `yefan_module` WHERE ( module_id=386 ) LIMIT 1   [ RunTime:0.0004s ]
SQL: SELECT * FROM `yefan_module` WHERE ( module_id=394 ) LIMIT 1   [ RunTime:0.0003s ]
SQL: SELECT * FROM `yefan_module` WHERE ( module_id=396 ) LIMIT 1   [ RunTime:0.0003s ]
SQL: SELECT * FROM `yefan_module` WHERE ( module_id=4 ) LIMIT 1   [ RunTime:0.0011s ]
SQL: SELECT * FROM `yefan_module` WHERE ( module_id=327 ) LIMIT 1   [ RunTime:0.0007s ]
SQL: SELECT * FROM `yefan_module` WHERE ( module_id=328 ) LIMIT 1   [ RunTime:0.0007s ]
SQL: SELECT * FROM `yefan_module` WHERE ( module_id=329 ) LIMIT 1   [ RunTime:0.0004s ]
SQL: SELECT * FROM `yefan_module` WHERE ( module_id=330 ) LIMIT 1   [ RunTime:0.0005s ]
SQL: SELECT * FROM `yefan_module` WHERE ( module_id=333 ) LIMIT 1   [ RunTime:0.0005s ]
SQL: SELECT * FROM `yefan_module` WHERE ( module_id=334 ) LIMIT 1   [ RunTime:0.0006s ]
SQL: SELECT * FROM `yefan_module` WHERE ( module_id=346 ) LIMIT 1   [ RunTime:0.0005s ]
SQL: SELECT * FROM `yefan_module` WHERE ( module_id=401 ) LIMIT 1   [ RunTime:0.0003s ]
SQL: SELECT * FROM `yefan_module` WHERE ( module_id=402 ) LIMIT 1   [ RunTime:0.0003s ]
SQL: SELECT * FROM `yefan_module` WHERE ( module_id=403 ) LIMIT 1   [ RunTime:0.0003s ]
SQL: SELECT * FROM `yefan_module` WHERE ( module_id=404 ) LIMIT 1   [ RunTime:0.0003s ]
SQL: SELECT * FROM `yefan_module` WHERE ( module_id=405 ) LIMIT 1   [ RunTime:0.0002s ]
SQL: SELECT * FROM `yefan_module` WHERE ( module_id=406 ) LIMIT 1   [ RunTime:0.0006s ]
SQL: SELECT * FROM `yefan_module` WHERE ( module_id=5 ) LIMIT 1   [ RunTime:0.0008s ]
SQL: SELECT * FROM `yefan_module` WHERE ( module_id=347 ) LIMIT 1   [ RunTime:0.0007s ]
SQL: SELECT * FROM `yefan_module` WHERE ( module_id=348 ) LIMIT 1   [ RunTime:0.0003s ]
SQL: SELECT * FROM `yefan_module` WHERE ( module_id=349 ) LIMIT 1   [ RunTime:0.0004s ]
SQL: SELECT * FROM `yefan_module` WHERE ( module_id=350 ) LIMIT 1   [ RunTime:0.0003s ]
SQL: SELECT * FROM `yefan_module` WHERE ( module_id=351 ) LIMIT 1   [ RunTime:0.0003s ]
SQL: SELECT * FROM `yefan_module` WHERE ( module_id=352 ) LIMIT 1   [ RunTime:0.0003s ]
SQL: SELECT * FROM `yefan_module` WHERE ( module_id=353 ) LIMIT 1   [ RunTime:0.0003s ]
SQL: SELECT * FROM `yefan_module` WHERE ( module_id=354 ) LIMIT 1   [ RunTime:0.0005s ]
SQL: SELECT * FROM `yefan_module` WHERE ( module_id=355 ) LIMIT 1   [ RunTime:0.0007s ]
SQL: SELECT * FROM `yefan_module` WHERE ( module_id=357 ) LIMIT 1   [ RunTime:0.0004s ]
SQL: SELECT * FROM `yefan_module` WHERE ( module_id=365 ) LIMIT 1   [ RunTime:0.0003s ]
SQL: SELECT * FROM `yefan_module` WHERE ( module_id=366 ) LIMIT 1   [ RunTime:0.0003s ]
SQL: SELECT * FROM `yefan_module` WHERE ( module_id=367 ) LIMIT 1   [ RunTime:0.0003s ]
SQL: SELECT * FROM `yefan_module` WHERE ( module_id=368 ) LIMIT 1   [ RunTime:0.0012s ]
SQL: SELECT * FROM `yefan_module` WHERE ( module_id=369 ) LIMIT 1   [ RunTime:0.0007s ]
SQL: SELECT * FROM `yefan_module` WHERE ( module_id=370 ) LIMIT 1   [ RunTime:0.0007s ]
SQL: SELECT * FROM `yefan_module` WHERE ( module_id=371 ) LIMIT 1   [ RunTime:0.0004s ]
SQL: SELECT * FROM `yefan_module` WHERE ( module_id=372 ) LIMIT 1   [ RunTime:0.0003s ]
SQL: SELECT * FROM `yefan_module` WHERE ( module_id=373 ) LIMIT 1   [ RunTime:0.0003s ]
SQL: SELECT * FROM `yefan_module` WHERE ( module_id=374 ) LIMIT 1   [ RunTime:0.0006s ]
SQL: SELECT * FROM `yefan_module` WHERE ( module_id=375 ) LIMIT 1   [ RunTime:0.0006s ]
SQL: SELECT * FROM `yefan_module` WHERE ( module_id=376 ) LIMIT 1   [ RunTime:0.0004s ]
SQL: SELECT * FROM `yefan_module` WHERE ( module_id=377 ) LIMIT 1   [ RunTime:0.0003s ]
SQL: SELECT * FROM `yefan_module` WHERE ( module_id=387 ) LIMIT 1   [ RunTime:0.0003s ]
SQL: SELECT * FROM `yefan_module` WHERE ( module_id=388 ) LIMIT 1   [ RunTime:0.0002s ]
SQL: SELECT * FROM `yefan_module` WHERE ( module_id=389 ) LIMIT 1   [ RunTime:0.0002s ]
SQL: SELECT * FROM `yefan_module` WHERE ( module_id=390 ) LIMIT 1   [ RunTime:0.0002s ]
SQL: SELECT * FROM `yefan_module` WHERE ( module_id=391 ) LIMIT 1   [ RunTime:0.0002s ]
SQL: SELECT * FROM `yefan_module` WHERE ( module_id=392 ) LIMIT 1   [ RunTime:0.0013s ]
SQL: SELECT * FROM `yefan_module` WHERE ( module_id=393 ) LIMIT 1   [ RunTime:0.0006s ]
SQL: SELECT * FROM `yefan_module` WHERE ( module_id=395 ) LIMIT 1   [ RunTime:0.0004s ]
SQL: SELECT * FROM `yefan_module` WHERE ( module_id=398 ) LIMIT 1   [ RunTime:0.0003s ]
SQL: SELECT * FROM `yefan_module` WHERE ( module_id=399 ) LIMIT 1   [ RunTime:0.0004s ]
SQL: SELECT * FROM `yefan_module` WHERE ( module_id=400 ) LIMIT 1   [ RunTime:0.0003s ]
SQL: SELECT * FROM `yefan_module` WHERE ( module_id=901 ) LIMIT 1   [ RunTime:0.0004s ]
SQL: SELECT * FROM `yefan_module` WHERE ( module_id=905 ) LIMIT 1   [ RunTime:0.0006s ]
SQL: SELECT * FROM `yefan_module` WHERE ( module_id=906 ) LIMIT 1   [ RunTime:0.0008s ]
SQL: SHOW COLUMNS FROM `yefan_web_config` [ RunTime:0.0041s ]
SQL: SHOW COLUMNS FROM `yefan_web_config` [ RunTime:0.0012s ]
SQL: SELECT * FROM `yefan_web_config` LIMIT 1   [ RunTime:0.0008s ]
SQL: SHOW COLUMNS FROM `yefan_menu_group` [ RunTime:0.0037s ]
SQL: SHOW COLUMNS FROM `yefan_menu_group` [ RunTime:0.0019s ]
SQL: SELECT * FROM `yefan_menu_group` WHERE ( is_hidden=0 ) ORDER BY group_order desc  [ RunTime:0.0007s ]
SQL: SHOW COLUMNS FROM `yefan_admin_menu` [ RunTime:0.0038s ]
SQL: SHOW COLUMNS FROM `yefan_admin_menu` [ RunTime:0.0007s ]
SQL: SELECT * FROM `yefan_admin_menu` WHERE ( is_hidden=0 ) ORDER BY menu_order desc  [ RunTime:0.0010s ]
SQL: SELECT `admin_page` FROM `yefan_web_config` LIMIT 1   [ RunTime:0.0008s ]
SQL: SELECT `admin_page` FROM `yefan_web_config` LIMIT 1   [ RunTime:0.0004s ]
INFO: [ view_parse ] --START--
INFO: [ template_filter ] --START--
INFO: Run Behavior\ContentReplaceBehavior [ RunTime:0.000169s ]
INFO: [ template_filter ] --END-- [ RunTime:0.000374s ]
NOTIC: [8] Undefined index: result G:\working\PHP\weiyun\AdminRuntime\Cache\Admin\1ce0cb74b9ae73e473cce681345ce1a2.php 第 62 行.
NOTIC: [8] Undefined index: result G:\working\PHP\weiyun\AdminRuntime\Cache\Admin\1ce0cb74b9ae73e473cce681345ce1a2.php 第 63 行.
INFO: Run Behavior\ParseTemplateBehavior [ RunTime:0.368518s ]
INFO: [ view_parse ] --END-- [ RunTime:0.368967s ]
INFO: [ view_filter ] --START--
INFO: Run Behavior\WriteHtmlCacheBehavior [ RunTime:0.002365s ]
INFO: [ view_filter ] --END-- [ RunTime:0.002561s ]
INFO: [ app_end ] --START--
INFO: Run Behavior\ShowPageTraceBehavior [ RunTime:0.002141s ]
INFO: [ app_end ] --END-- [ RunTime:0.002324s ]

[ 2017-09-30T08:50:00+08:00 ] ::1 /admin.php/Index/map.html
INFO: [ app_init ] --START--
INFO: Run Behavior\BuildLiteBehavior [ RunTime:0.000077s ]
INFO: [ app_init ] --END-- [ RunTime:0.001704s ]
INFO: [ app_begin ] --START--
INFO: Run Behavior\ReadHtmlCacheBehavior [ RunTime:0.003604s ]
INFO: Run Behavior\CheckLangBehavior [ RunTime:0.009896s ]
NOTIC: [8] Constant LANG_SET already defined G:\working\PHP\weiyun\ThinkPHPFrame\Library\Behavior\CheckLangBehavior.class.php 第 55 行.
INFO: Run Behavior\CheckLangBehavior [ RunTime:0.005628s ]
INFO: [ app_begin ] --END-- [ RunTime:0.020265s ]
SQL: SHOW COLUMNS FROM `yefan_admin_role` [ RunTime:0.0040s ]
SQL: SHOW COLUMNS FROM `yefan_admin_role` [ RunTime:0.0013s ]
SQL: SELECT * FROM `yefan_admin_role` WHERE ( admin_id=46 )  [ RunTime:0.0005s ]
SQL: SHOW COLUMNS FROM `yefan_role_module` [ RunTime:0.0038s ]
SQL: SHOW COLUMNS FROM `yefan_role_module` [ RunTime:0.0010s ]
SQL: SELECT * FROM `yefan_role_module` WHERE ( role_id=52 )  [ RunTime:0.0012s ]
SQL: SHOW COLUMNS FROM `yefan_module` [ RunTime:0.0033s ]
SQL: SHOW COLUMNS FROM `yefan_module` [ RunTime:0.0019s ]
SQL: SELECT * FROM `yefan_module` WHERE ( module_id=1 ) LIMIT 1   [ RunTime:0.0004s ]
SQL: SELECT * FROM `yefan_module` WHERE ( module_id=2 ) LIMIT 1   [ RunTime:0.0003s ]
SQL: SELECT * FROM `yefan_module` WHERE ( module_id=185 ) LIMIT 1   [ RunTime:0.0003s ]
SQL: SELECT * FROM `yefan_module` WHERE ( module_id=188 ) LIMIT 1   [ RunTime:0.0002s ]
SQL: SELECT * FROM `yefan_module` WHERE ( module_id=189 ) LIMIT 1   [ RunTime:0.0002s ]
SQL: SELECT * FROM `yefan_module` WHERE ( module_id=219 ) LIMIT 1   [ RunTime:0.0002s ]
SQL: SELECT * FROM `yefan_module` WHERE ( module_id=220 ) LIMIT 1   [ RunTime:0.0002s ]
SQL: SELECT * FROM `yefan_module` WHERE ( module_id=221 ) LIMIT 1   [ RunTime:0.0002s ]
SQL: SELECT * FROM `yefan_module` WHERE ( module_id=222 ) LIMIT 1   [ RunTime:0.0002s ]
SQL: SELECT * FROM `yefan_module` WHERE ( module_id=223 ) LIMIT 1   [ RunTime:0.0002s ]
SQL: SELECT * FROM `yefan_module` WHERE ( module_id=224 ) LIMIT 1   [ RunTime:0.0002s ]
SQL: SELECT * FROM `yefan_module` WHERE ( module_id=225 ) LIMIT 1   [ RunTime:0.0002s ]
SQL: SELECT * FROM `yefan_module` WHERE ( module_id=226 ) LIMIT 1   [ RunTime:0.0002s ]
SQL: SELECT * FROM `yefan_module` WHERE ( module_id=227 ) LIMIT 1   [ RunTime:0.0002s ]
SQL: SELECT * FROM `yefan_module` WHERE ( module_id=228 ) LIMIT 1   [ RunTime:0.0002s ]
SQL: SELECT * FROM `yefan_module` WHERE ( module_id=229 ) LIMIT 1   [ RunTime:0.0002s ]
SQL: SELECT * FROM `yefan_module` WHERE ( module_id=340 ) LIMIT 1   [ RunTime:0.0003s ]
SQL: SELECT * FROM `yefan_module` WHERE ( module_id=477 ) LIMIT 1   [ RunTime:0.0011s ]
SQL: SELECT * FROM `yefan_module` WHERE ( module_id=478 ) LIMIT 1   [ RunTime:0.0012s ]
SQL: SELECT * FROM `yefan_module` WHERE ( module_id=900 ) LIMIT 1   [ RunTime:0.0003s ]
SQL: SELECT * FROM `yefan_module` WHERE ( module_id=904 ) LIMIT 1   [ RunTime:0.0003s ]
SQL: SELECT * FROM `yefan_module` WHERE ( module_id=3 ) LIMIT 1   [ RunTime:0.0004s ]
SQL: SELECT * FROM `yefan_module` WHERE ( module_id=331 ) LIMIT 1   [ RunTime:0.0004s ]
SQL: SELECT * FROM `yefan_module` WHERE ( module_id=332 ) LIMIT 1   [ RunTime:0.0004s ]
SQL: SELECT * FROM `yefan_module` WHERE ( module_id=336 ) LIMIT 1   [ RunTime:0.0003s ]
SQL: SELECT * FROM `yefan_module` WHERE ( module_id=337 ) LIMIT 1   [ RunTime:0.0004s ]
SQL: SELECT * FROM `yefan_module` WHERE ( module_id=338 ) LIMIT 1   [ RunTime:0.0009s ]
SQL: SELECT * FROM `yefan_module` WHERE ( module_id=339 ) LIMIT 1   [ RunTime:0.0006s ]
SQL: SELECT * FROM `yefan_module` WHERE ( module_id=341 ) LIMIT 1   [ RunTime:0.0006s ]
SQL: SELECT * FROM `yefan_module` WHERE ( module_id=356 ) LIMIT 1   [ RunTime:0.0013s ]
SQL: SELECT * FROM `yefan_module` WHERE ( module_id=358 ) LIMIT 1   [ RunTime:0.0007s ]
SQL: SELECT * FROM `yefan_module` WHERE ( module_id=359 ) LIMIT 1   [ RunTime:0.0005s ]
SQL: SELECT * FROM `yefan_module` WHERE ( module_id=360 ) LIMIT 1   [ RunTime:0.0005s ]
SQL: SELECT * FROM `yefan_module` WHERE ( module_id=361 ) LIMIT 1   [ RunTime:0.0008s ]
SQL: SELECT * FROM `yefan_module` WHERE ( module_id=362 ) LIMIT 1   [ RunTime:0.0004s ]
SQL: SELECT * FROM `yefan_module` WHERE ( module_id=363 ) LIMIT 1   [ RunTime:0.0006s ]
SQL: SELECT * FROM `yefan_module` WHERE ( module_id=364 ) LIMIT 1   [ RunTime:0.0004s ]
SQL: SELECT * FROM `yefan_module` WHERE ( module_id=378 ) LIMIT 1   [ RunTime:0.0003s ]
SQL: SELECT * FROM `yefan_module` WHERE ( module_id=379 ) LIMIT 1   [ RunTime:0.0003s ]
SQL: SELECT * FROM `yefan_module` WHERE ( module_id=380 ) LIMIT 1   [ RunTime:0.0002s ]
SQL: SELECT * FROM `yefan_module` WHERE ( module_id=381 ) LIMIT 1   [ RunTime:0.0002s ]
SQL: SELECT * FROM `yefan_module` WHERE ( module_id=382 ) LIMIT 1   [ RunTime:0.0005s ]
SQL: SELECT * FROM `yefan_module` WHERE ( module_id=383 ) LIMIT 1   [ RunTime:0.0009s ]
SQL: SELECT * FROM `yefan_module` WHERE ( module_id=384 ) LIMIT 1   [ RunTime:0.0004s ]
SQL: SELECT * FROM `yefan_module` WHERE ( module_id=385 ) LIMIT 1   [ RunTime:0.0003s ]
SQL: SELECT * FROM `yefan_module` WHERE ( module_id=386 ) LIMIT 1   [ RunTime:0.0004s ]
SQL: SELECT * FROM `yefan_module` WHERE ( module_id=394 ) LIMIT 1   [ RunTime:0.0003s ]
SQL: SELECT * FROM `yefan_module` WHERE ( module_id=396 ) LIMIT 1   [ RunTime:0.0004s ]
SQL: SELECT * FROM `yefan_module` WHERE ( module_id=4 ) LIMIT 1   [ RunTime:0.0005s ]
SQL: SELECT * FROM `yefan_module` WHERE ( module_id=327 ) LIMIT 1   [ RunTime:0.0003s ]
SQL: SELECT * FROM `yefan_module` WHERE ( module_id=328 ) LIMIT 1   [ RunTime:0.0003s ]
SQL: SELECT * FROM `yefan_module` WHERE ( module_id=329 ) LIMIT 1   [ RunTime:0.0003s ]
SQL: SELECT * FROM `yefan_module` WHERE ( module_id=330 ) LIMIT 1   [ RunTime:0.0002s ]
SQL: SELECT * FROM `yefan_module` WHERE ( module_id=333 ) LIMIT 1   [ RunTime:0.0002s ]
SQL: SELECT * FROM `yefan_module` WHERE ( module_id=334 ) LIMIT 1   [ RunTime:0.0002s ]
SQL: SELECT * FROM `yefan_module` WHERE ( module_id=346 ) LIMIT 1   [ RunTime:0.0002s ]
SQL: SELECT * FROM `yefan_module` WHERE ( module_id=401 ) LIMIT 1   [ RunTime:0.0002s ]
SQL: SELECT * FROM `yefan_module` WHERE ( module_id=402 ) LIMIT 1   [ RunTime:0.0002s ]
SQL: SELECT * FROM `yefan_module` WHERE ( module_id=403 ) LIMIT 1   [ RunTime:0.0002s ]
SQL: SELECT * FROM `yefan_module` WHERE ( module_id=404 ) LIMIT 1   [ RunTime:0.0008s ]
SQL: SELECT * FROM `yefan_module` WHERE ( module_id=405 ) LIMIT 1   [ RunTime:0.0008s ]
SQL: SELECT * FROM `yefan_module` WHERE ( module_id=406 ) LIMIT 1   [ RunTime:0.0004s ]
SQL: SELECT * FROM `yefan_module` WHERE ( module_id=5 ) LIMIT 1   [ RunTime:0.0003s ]
SQL: SELECT * FROM `yefan_module` WHERE ( module_id=347 ) LIMIT 1   [ RunTime:0.0003s ]
SQL: SELECT * FROM `yefan_module` WHERE ( module_id=348 ) LIMIT 1   [ RunTime:0.0004s ]
SQL: SELECT * FROM `yefan_module` WHERE ( module_id=349 ) LIMIT 1   [ RunTime:0.0005s ]
SQL: SELECT * FROM `yefan_module` WHERE ( module_id=350 ) LIMIT 1   [ RunTime:0.0004s ]
SQL: SELECT * FROM `yefan_module` WHERE ( module_id=351 ) LIMIT 1   [ RunTime:0.0003s ]
SQL: SELECT * FROM `yefan_module` WHERE ( module_id=352 ) LIMIT 1   [ RunTime:0.0003s ]
SQL: SELECT * FROM `yefan_module` WHERE ( module_id=353 ) LIMIT 1   [ RunTime:0.0002s ]
SQL: SELECT * FROM `yefan_module` WHERE ( module_id=354 ) LIMIT 1   [ RunTime:0.0002s ]
SQL: SELECT * FROM `yefan_module` WHERE ( module_id=355 ) LIMIT 1   [ RunTime:0.0002s ]
SQL: SELECT * FROM `yefan_module` WHERE ( module_id=357 ) LIMIT 1   [ RunTime:0.0002s ]
SQL: SELECT * FROM `yefan_module` WHERE ( module_id=365 ) LIMIT 1   [ RunTime:0.0002s ]
SQL: SELECT * FROM `yefan_module` WHERE ( module_id=366 ) LIMIT 1   [ RunTime:0.0002s ]
SQL: SELECT * FROM `yefan_module` WHERE ( module_id=367 ) LIMIT 1   [ RunTime:0.0002s ]
SQL: SELECT * FROM `yefan_module` WHERE ( module_id=368 ) LIMIT 1   [ RunTime:0.0010s ]
SQL: SELECT * FROM `yefan_module` WHERE ( module_id=369 ) LIMIT 1   [ RunTime:0.0007s ]
SQL: SELECT * FROM `yefan_module` WHERE ( module_id=370 ) LIMIT 1   [ RunTime:0.0003s ]
SQL: SELECT * FROM `yefan_module` WHERE ( module_id=371 ) LIMIT 1   [ RunTime:0.0003s ]
SQL: SELECT * FROM `yefan_module` WHERE ( module_id=372 ) LIMIT 1   [ RunTime:0.0004s ]
SQL: SELECT * FROM `yefan_module` WHERE ( module_id=373 ) LIMIT 1   [ RunTime:0.0004s ]
SQL: SELECT * FROM `yefan_module` WHERE ( module_id=374 ) LIMIT 1   [ RunTime:0.0005s ]
SQL: SELECT * FROM `yefan_module` WHERE ( module_id=375 ) LIMIT 1   [ RunTime:0.0005s ]
SQL: SELECT * FROM `yefan_module` WHERE ( module_id=376 ) LIMIT 1   [ RunTime:0.0003s ]
SQL: SELECT * FROM `yefan_module` WHERE ( module_id=377 ) LIMIT 1   [ RunTime:0.0005s ]
SQL: SELECT * FROM `yefan_module` WHERE ( module_id=387 ) LIMIT 1   [ RunTime:0.0004s ]
SQL: SELECT * FROM `yefan_module` WHERE ( module_id=388 ) LIMIT 1   [ RunTime:0.0002s ]
SQL: SELECT * FROM `yefan_module` WHERE ( module_id=389 ) LIMIT 1   [ RunTime:0.0002s ]
SQL: SELECT * FROM `yefan_module` WHERE ( module_id=390 ) LIMIT 1   [ RunTime:0.0002s ]
SQL: SELECT * FROM `yefan_module` WHERE ( module_id=391 ) LIMIT 1   [ RunTime:0.0002s ]
SQL: SELECT * FROM `yefan_module` WHERE ( module_id=392 ) LIMIT 1   [ RunTime:0.0002s ]
SQL: SELECT * FROM `yefan_module` WHERE ( module_id=393 ) LIMIT 1   [ RunTime:0.0011s ]
SQL: SELECT * FROM `yefan_module` WHERE ( module_id=395 ) LIMIT 1   [ RunTime:0.0009s ]
SQL: SELECT * FROM `yefan_module` WHERE ( module_id=398 ) LIMIT 1   [ RunTime:0.0004s ]
SQL: SELECT * FROM `yefan_module` WHERE ( module_id=399 ) LIMIT 1   [ RunTime:0.0003s ]
SQL: SELECT * FROM `yefan_module` WHERE ( module_id=400 ) LIMIT 1   [ RunTime:0.0004s ]
SQL: SELECT * FROM `yefan_module` WHERE ( module_id=901 ) LIMIT 1   [ RunTime:0.0005s ]
SQL: SELECT * FROM `yefan_module` WHERE ( module_id=905 ) LIMIT 1   [ RunTime:0.0004s ]
SQL: SELECT * FROM `yefan_module` WHERE ( module_id=906 ) LIMIT 1   [ RunTime:0.0006s ]
SQL: SHOW COLUMNS FROM `yefan_web_config` [ RunTime:0.0025s ]
SQL: SHOW COLUMNS FROM `yefan_web_config` [ RunTime:0.0024s ]
SQL: SELECT * FROM `yefan_web_config` LIMIT 1   [ RunTime:0.0005s ]
SQL: SHOW COLUMNS FROM `yefan_menu_group` [ RunTime:0.0047s ]
SQL: SHOW COLUMNS FROM `yefan_menu_group` [ RunTime:0.0012s ]
SQL: SELECT * FROM `yefan_menu_group` WHERE ( is_hidden=0 ) ORDER BY group_order desc  [ RunTime:0.0009s ]
SQL: SHOW COLUMNS FROM `yefan_admin_menu` [ RunTime:0.0037s ]
SQL: SHOW COLUMNS FROM `yefan_admin_menu` [ RunTime:0.0010s ]
SQL: SELECT * FROM `yefan_admin_menu` WHERE ( is_hidden=0 ) ORDER BY menu_order desc  [ RunTime:0.0009s ]
SQL: SELECT `admin_page` FROM `yefan_web_config` LIMIT 1   [ RunTime:0.0003s ]
SQL: SELECT `admin_page` FROM `yefan_web_config` LIMIT 1   [ RunTime:0.0002s ]
INFO: [ view_parse ] --START--
INFO: [ template_filter ] --START--
INFO: Run Behavior\ContentReplaceBehavior [ RunTime:0.000336s ]
INFO: [ template_filter ] --END-- [ RunTime:0.000735s ]
NOTIC: [8] Undefined index: result G:\working\PHP\weiyun\AdminRuntime\Cache\Admin\1ce0cb74b9ae73e473cce681345ce1a2.php 第 62 行.
NOTIC: [8] Undefined index: result G:\working\PHP\weiyun\AdminRuntime\Cache\Admin\1ce0cb74b9ae73e473cce681345ce1a2.php 第 63 行.
INFO: Run Behavior\ParseTemplateBehavior [ RunTime:0.032318s ]
INFO: [ view_parse ] --END-- [ RunTime:0.032735s ]
INFO: [ view_filter ] --START--
INFO: Run Behavior\WriteHtmlCacheBehavior [ RunTime:0.002788s ]
INFO: [ view_filter ] --END-- [ RunTime:0.003098s ]
INFO: [ app_end ] --START--
INFO: Run Behavior\ShowPageTraceBehavior [ RunTime:0.003785s ]
INFO: [ app_end ] --END-- [ RunTime:0.004182s ]

