[ 2017-10-07T08:41:17+08:00 ] ::1 /admin.php
INFO: [ app_init ] --START--
INFO: Run Behavior\BuildLiteBehavior [ RunTime:0.000029s ]
INFO: [ app_init ] --END-- [ RunTime:0.000948s ]
INFO: [ app_begin ] --START--
INFO: Run Behavior\ReadHtmlCacheBehavior [ RunTime:0.001039s ]
INFO: Run Behavior\CheckLangBehavior [ RunTime:0.001379s ]
NOTIC: [8] Constant LANG_SET already defined D:\www\weiyuns\ThinkPHPFrame\Library\Behavior\CheckLangBehavior.class.php 第 55 行.
INFO: Run Behavior\CheckLangBehavior [ RunTime:0.000370s ]
INFO: [ app_begin ] --END-- [ RunTime:0.003032s ]
INFO: [ view_parse ] --START--
INFO: [ template_filter ] --START--
INFO: Run Behavior\ContentReplaceBehavior [ RunTime:0.000187s ]
INFO: [ template_filter ] --END-- [ RunTime:0.000256s ]
NOTIC: [8] Undefined variable: resource D:\www\weiyuns\AdminRuntime\Cache\Admin\cde42ebf34e6581b7150bdb94eadad64.php 第 6 行.
NOTIC: [8] Undefined variable: resource D:\www\weiyuns\AdminRuntime\Cache\Admin\cde42ebf34e6581b7150bdb94eadad64.php 第 8 行.
NOTIC: [8] Undefined variable: resource D:\www\weiyuns\AdminRuntime\Cache\Admin\cde42ebf34e6581b7150bdb94eadad64.php 第 10 行.
NOTIC: [8] Undefined variable: resource D:\www\weiyuns\AdminRuntime\Cache\Admin\cde42ebf34e6581b7150bdb94eadad64.php 第 12 行.
NOTIC: [8] Undefined variable: resource D:\www\weiyuns\AdminRuntime\Cache\Admin\cde42ebf34e6581b7150bdb94eadad64.php 第 13 行.
NOTIC: [8] Undefined variable: resource D:\www\weiyuns\AdminRuntime\Cache\Admin\cde42ebf34e6581b7150bdb94eadad64.php 第 14 行.
NOTIC: [8] Undefined variable: resource D:\www\weiyuns\AdminRuntime\Cache\Admin\cde42ebf34e6581b7150bdb94eadad64.php 第 16 行.
NOTIC: [8] Undefined variable: resource D:\www\weiyuns\AdminRuntime\Cache\Admin\cde42ebf34e6581b7150bdb94eadad64.php 第 18 行.
NOTIC: [8] Undefined variable: resource D:\www\weiyuns\AdminRuntime\Cache\Admin\cde42ebf34e6581b7150bdb94eadad64.php 第 19 行.
INFO: Run Behavior\ParseTemplateBehavior [ RunTime:0.012274s ]
INFO: [ view_parse ] --END-- [ RunTime:0.012351s ]
INFO: [ view_filter ] --START--
INFO: Run Behavior\WriteHtmlCacheBehavior [ RunTime:0.000780s ]
INFO: [ view_filter ] --END-- [ RunTime:0.000850s ]
INFO: [ app_end ] --START--
INFO: Run Behavior\ShowPageTraceBehavior [ RunTime:0.002317s ]
INFO: [ app_end ] --END-- [ RunTime:0.002442s ]

[ 2017-10-07T08:41:17+08:00 ] ::1 /admin/css/animate.min.css
INFO: [ app_init ] --START--
INFO: Run Behavior\BuildLiteBehavior [ RunTime:0.000030s ]
INFO: [ app_init ] --END-- [ RunTime:0.000856s ]
INFO: [ app_begin ] --START--
INFO: Run Behavior\ReadHtmlCacheBehavior [ RunTime:0.001083s ]
INFO: Run Behavior\CheckLangBehavior [ RunTime:0.001358s ]
NOTIC: [8] Constant LANG_SET already defined D:\www\weiyuns\ThinkPHPFrame\Library\Behavior\CheckLangBehavior.class.php 第 55 行.
INFO: Run Behavior\CheckLangBehavior [ RunTime:0.000558s ]
INFO: [ app_begin ] --END-- [ RunTime:0.003271s ]
ERR: 无法加载控制器:Css

[ 2017-10-07T08:41:17+08:00 ] ::1 /admin/plugin/layui/css/layui.css
INFO: [ app_init ] --START--
INFO: Run Behavior\BuildLiteBehavior [ RunTime:0.000030s ]
INFO: [ app_init ] --END-- [ RunTime:0.001332s ]
INFO: [ app_begin ] --START--
INFO: Run Behavior\ReadHtmlCacheBehavior [ RunTime:0.000932s ]
INFO: Run Behavior\CheckLangBehavior [ RunTime:0.001668s ]
NOTIC: [8] Constant LANG_SET already defined D:\www\weiyuns\ThinkPHPFrame\Library\Behavior\CheckLangBehavior.class.php 第 55 行.
INFO: Run Behavior\CheckLangBehavior [ RunTime:0.000607s ]
INFO: [ app_begin ] --END-- [ RunTime:0.004480s ]
ERR: 无法加载控制器:Plugin

[ 2017-10-07T08:41:17+08:00 ] ::1 /admin/plugin/font-awesome/css/font-awesome.min.css
INFO: [ app_init ] --START--
INFO: Run Behavior\BuildLiteBehavior [ RunTime:0.000028s ]
INFO: [ app_init ] --END-- [ RunTime:0.000843s ]
INFO: [ app_begin ] --START--
INFO: Run Behavior\ReadHtmlCacheBehavior [ RunTime:0.001658s ]
INFO: Run Behavior\CheckLangBehavior [ RunTime:0.001682s ]
NOTIC: [8] Constant LANG_SET already defined D:\www\weiyuns\ThinkPHPFrame\Library\Behavior\CheckLangBehavior.class.php 第 55 行.
INFO: Run Behavior\CheckLangBehavior [ RunTime:0.000505s ]
INFO: [ app_begin ] --END-- [ RunTime:0.004094s ]
ERR: 无法加载控制器:Plugin

[ 2017-10-07T08:41:19+08:00 ] ::1 /admin.php/Login/getPic.html
INFO: [ app_init ] --START--
INFO: Run Behavior\BuildLiteBehavior [ RunTime:0.000029s ]
INFO: [ app_init ] --END-- [ RunTime:0.000760s ]
INFO: [ app_begin ] --START--
INFO: Run Behavior\ReadHtmlCacheBehavior [ RunTime:0.000886s ]
INFO: Run Behavior\CheckLangBehavior [ RunTime:0.001109s ]
NOTIC: [8] Constant LANG_SET already defined D:\www\weiyuns\ThinkPHPFrame\Library\Behavior\CheckLangBehavior.class.php 第 55 行.
INFO: Run Behavior\CheckLangBehavior [ RunTime:0.000805s ]
INFO: [ app_begin ] --END-- [ RunTime:0.003026s ]
SQL: SHOW COLUMNS FROM `yefan_admin` [ RunTime:0.0116s ]
SQL: SHOW COLUMNS FROM `yefan_upload` [ RunTime:0.0043s ]
SQL: SELECT * FROM `yefan_admin` WHERE `admin_name` LIKE '%admin%' LIMIT 1   [ RunTime:0.0008s ]
SQL: SELECT * FROM `yefan_upload` WHERE `admin_id` = 46 LIMIT 1   [ RunTime:0.0007s ]
INFO: [ app_end ] --START--
INFO: Run Behavior\ShowPageTraceBehavior [ RunTime:0.001289s ]
INFO: [ app_end ] --END-- [ RunTime:0.001392s ]

[ 2017-10-07T08:41:27+08:00 ] ::1 /admin.php/PayAction/
INFO: [ app_init ] --START--
INFO: Run Behavior\BuildLiteBehavior [ RunTime:0.000026s ]
INFO: [ app_init ] --END-- [ RunTime:0.000648s ]
INFO: [ app_begin ] --START--
INFO: Run Behavior\ReadHtmlCacheBehavior [ RunTime:0.000593s ]
INFO: Run Behavior\CheckLangBehavior [ RunTime:0.000878s ]
NOTIC: [8] Constant LANG_SET already defined D:\www\weiyuns\ThinkPHPFrame\Library\Behavior\CheckLangBehavior.class.php 第 55 行.
INFO: Run Behavior\CheckLangBehavior [ RunTime:0.000311s ]
INFO: [ app_begin ] --END-- [ RunTime:0.001928s ]
ERR: 无法加载控制器:PayAction

[ 2017-10-07T08:46:22+08:00 ] ::1 /admin.php/PayAction/
INFO: [ app_init ] --START--
INFO: Run Behavior\BuildLiteBehavior [ RunTime:0.000024s ]
INFO: [ app_init ] --END-- [ RunTime:0.000847s ]
INFO: [ app_begin ] --START--
INFO: Run Behavior\ReadHtmlCacheBehavior [ RunTime:0.000778s ]
INFO: Run Behavior\CheckLangBehavior [ RunTime:0.000941s ]
NOTIC: [8] Constant LANG_SET already defined D:\www\weiyuns\ThinkPHPFrame\Library\Behavior\CheckLangBehavior.class.php 第 55 行.
INFO: Run Behavior\CheckLangBehavior [ RunTime:0.000322s ]
INFO: [ app_begin ] --END-- [ RunTime:0.002211s ]
ERR: 无法加载控制器:PayAction

[ 2017-10-07T08:46:24+08:00 ] ::1 /admin.php/PayAction/
INFO: [ app_init ] --START--
INFO: Run Behavior\BuildLiteBehavior [ RunTime:0.000020s ]
INFO: [ app_init ] --END-- [ RunTime:0.000700s ]
INFO: [ app_begin ] --START--
INFO: Run Behavior\ReadHtmlCacheBehavior [ RunTime:0.000558s ]
INFO: Run Behavior\CheckLangBehavior [ RunTime:0.000722s ]
NOTIC: [8] Constant LANG_SET already defined D:\www\weiyuns\ThinkPHPFrame\Library\Behavior\CheckLangBehavior.class.php 第 55 行.
INFO: Run Behavior\CheckLangBehavior [ RunTime:0.000324s ]
INFO: [ app_begin ] --END-- [ RunTime:0.001748s ]
ERR: 无法加载控制器:PayAction

[ 2017-10-07T08:46:42+08:00 ] ::1 /admin.php/PayAction/
INFO: [ app_init ] --START--
INFO: Run Behavior\BuildLiteBehavior [ RunTime:0.000033s ]
INFO: [ app_init ] --END-- [ RunTime:0.000596s ]
INFO: [ app_begin ] --START--
INFO: Run Behavior\ReadHtmlCacheBehavior [ RunTime:0.000776s ]
INFO: Run Behavior\CheckLangBehavior [ RunTime:0.000928s ]
NOTIC: [8] Constant LANG_SET already defined D:\www\weiyuns\ThinkPHPFrame\Library\Behavior\CheckLangBehavior.class.php 第 55 行.
INFO: Run Behavior\CheckLangBehavior [ RunTime:0.000346s ]
INFO: [ app_begin ] --END-- [ RunTime:0.002215s ]
ERR: 无法加载控制器:PayAction

[ 2017-10-07T08:46:44+08:00 ] ::1 /admin.php/PayAction/
INFO: [ app_init ] --START--
INFO: Run Behavior\BuildLiteBehavior [ RunTime:0.000022s ]
INFO: [ app_init ] --END-- [ RunTime:0.000651s ]
INFO: [ app_begin ] --START--
INFO: Run Behavior\ReadHtmlCacheBehavior [ RunTime:0.000682s ]
INFO: Run Behavior\CheckLangBehavior [ RunTime:0.000960s ]
NOTIC: [8] Constant LANG_SET already defined D:\www\weiyuns\ThinkPHPFrame\Library\Behavior\CheckLangBehavior.class.php 第 55 行.
INFO: Run Behavior\CheckLangBehavior [ RunTime:0.000521s ]
INFO: [ app_begin ] --END-- [ RunTime:0.002382s ]
ERR: 无法加载控制器:PayAction

[ 2017-10-07T08:47:22+08:00 ] ::1 /admin.php/PayAction/
INFO: [ app_init ] --START--
INFO: Run Behavior\BuildLiteBehavior [ RunTime:0.000032s ]
INFO: [ app_init ] --END-- [ RunTime:0.001145s ]
INFO: [ app_begin ] --START--
INFO: Run Behavior\ReadHtmlCacheBehavior [ RunTime:0.006668s ]
INFO: Run Behavior\CheckLangBehavior [ RunTime:0.001966s ]
NOTIC: [8] Constant LANG_SET already defined D:\www\weiyuns\ThinkPHPFrame\Library\Behavior\CheckLangBehavior.class.php 第 55 行.
INFO: Run Behavior\CheckLangBehavior [ RunTime:0.000755s ]
INFO: [ app_begin ] --END-- [ RunTime:0.011766s ]
ERR: 无法加载控制器:PayAction

[ 2017-10-07T08:47:53+08:00 ] ::1 /admin.php/PayAction/
INFO: [ app_init ] --START--
INFO: Run Behavior\BuildLiteBehavior [ RunTime:0.000018s ]
INFO: [ app_init ] --END-- [ RunTime:0.000572s ]
INFO: [ app_begin ] --START--
INFO: Run Behavior\ReadHtmlCacheBehavior [ RunTime:0.000792s ]
INFO: Run Behavior\CheckLangBehavior [ RunTime:0.000893s ]
NOTIC: [8] Constant LANG_SET already defined D:\www\weiyuns\ThinkPHPFrame\Library\Behavior\CheckLangBehavior.class.php 第 55 行.
INFO: Run Behavior\CheckLangBehavior [ RunTime:0.000305s ]
INFO: [ app_begin ] --END-- [ RunTime:0.002152s ]
ERR: 非法操作:index

[ 2017-10-07T08:48:04+08:00 ] ::1 /admin.php/PayAction/doalipay
INFO: [ app_init ] --START--
INFO: Run Behavior\BuildLiteBehavior [ RunTime:0.000021s ]
INFO: [ app_init ] --END-- [ RunTime:0.000621s ]
INFO: [ app_begin ] --START--
INFO: Run Behavior\ReadHtmlCacheBehavior [ RunTime:0.001067s ]
INFO: Run Behavior\CheckLangBehavior [ RunTime:0.001156s ]
NOTIC: [8] Constant LANG_SET already defined D:\www\weiyuns\ThinkPHPFrame\Library\Behavior\CheckLangBehavior.class.php 第 55 行.
INFO: Run Behavior\CheckLangBehavior [ RunTime:0.000467s ]
INFO: [ app_begin ] --END-- [ RunTime:0.002967s ]
NOTIC: [8] Undefined index: trade_no D:\www\weiyuns\AdminApps\Admin\Controller\PayActionController.class.php 第 37 行.
NOTIC: [8] Undefined index: ordsubject D:\www\weiyuns\AdminApps\Admin\Controller\PayActionController.class.php 第 38 行.
NOTIC: [8] Undefined index: ordtotal_fee D:\www\weiyuns\AdminApps\Admin\Controller\PayActionController.class.php 第 39 行.
NOTIC: [8] Undefined index: ordbody D:\www\weiyuns\AdminApps\Admin\Controller\PayActionController.class.php 第 40 行.
NOTIC: [8] Undefined index: ordshow_url D:\www\weiyuns\AdminApps\Admin\Controller\PayActionController.class.php 第 41 行.
ERR: Class 'Admin\Controller\AlipaySubmit' not found

[ 2017-10-07T08:49:55+08:00 ] ::1 /admin.php/PayAction/doalipay
INFO: [ app_init ] --START--
INFO: Run Behavior\BuildLiteBehavior [ RunTime:0.000039s ]
INFO: [ app_init ] --END-- [ RunTime:0.000807s ]
INFO: [ app_begin ] --START--
INFO: Run Behavior\ReadHtmlCacheBehavior [ RunTime:0.000925s ]
INFO: Run Behavior\CheckLangBehavior [ RunTime:0.001020s ]
NOTIC: [8] Constant LANG_SET already defined D:\www\weiyuns\ThinkPHPFrame\Library\Behavior\CheckLangBehavior.class.php 第 55 行.
INFO: Run Behavior\CheckLangBehavior [ RunTime:0.000379s ]
INFO: [ app_begin ] --END-- [ RunTime:0.002524s ]
NOTIC: [8] Undefined index: trade_no D:\www\weiyuns\AdminApps\Admin\Controller\PayActionController.class.php 第 37 行.
NOTIC: [8] Undefined index: ordsubject D:\www\weiyuns\AdminApps\Admin\Controller\PayActionController.class.php 第 38 行.
NOTIC: [8] Undefined index: ordtotal_fee D:\www\weiyuns\AdminApps\Admin\Controller\PayActionController.class.php 第 39 行.
NOTIC: [8] Undefined index: ordbody D:\www\weiyuns\AdminApps\Admin\Controller\PayActionController.class.php 第 40 行.
NOTIC: [8] Undefined index: ordshow_url D:\www\weiyuns\AdminApps\Admin\Controller\PayActionController.class.php 第 41 行.
ERR: Class 'Admin\Controller\AlipaySubmit' not found

[ 2017-10-07T08:49:56+08:00 ] ::1 /admin.php/PayAction/doalipay
INFO: [ app_init ] --START--
INFO: Run Behavior\BuildLiteBehavior [ RunTime:0.000023s ]
INFO: [ app_init ] --END-- [ RunTime:0.000588s ]
INFO: [ app_begin ] --START--
INFO: Run Behavior\ReadHtmlCacheBehavior [ RunTime:0.000625s ]
INFO: Run Behavior\CheckLangBehavior [ RunTime:0.000842s ]
NOTIC: [8] Constant LANG_SET already defined D:\www\weiyuns\ThinkPHPFrame\Library\Behavior\CheckLangBehavior.class.php 第 55 行.
INFO: Run Behavior\CheckLangBehavior [ RunTime:0.000414s ]
INFO: [ app_begin ] --END-- [ RunTime:0.002042s ]
NOTIC: [8] Undefined index: trade_no D:\www\weiyuns\AdminApps\Admin\Controller\PayActionController.class.php 第 37 行.
NOTIC: [8] Undefined index: ordsubject D:\www\weiyuns\AdminApps\Admin\Controller\PayActionController.class.php 第 38 行.
NOTIC: [8] Undefined index: ordtotal_fee D:\www\weiyuns\AdminApps\Admin\Controller\PayActionController.class.php 第 39 行.
NOTIC: [8] Undefined index: ordbody D:\www\weiyuns\AdminApps\Admin\Controller\PayActionController.class.php 第 40 行.
NOTIC: [8] Undefined index: ordshow_url D:\www\weiyuns\AdminApps\Admin\Controller\PayActionController.class.php 第 41 行.
ERR: Class 'Admin\Controller\AlipaySubmit' not found

[ 2017-10-07T08:50:49+08:00 ] ::1 /admin.php/PayAction/doalipay
INFO: [ app_init ] --START--
INFO: Run Behavior\BuildLiteBehavior [ RunTime:0.000022s ]
INFO: [ app_init ] --END-- [ RunTime:0.000740s ]
INFO: [ app_begin ] --START--
INFO: Run Behavior\ReadHtmlCacheBehavior [ RunTime:0.000896s ]
INFO: Run Behavior\CheckLangBehavior [ RunTime:0.001053s ]
NOTIC: [8] Constant LANG_SET already defined D:\www\weiyuns\ThinkPHPFrame\Library\Behavior\CheckLangBehavior.class.php 第 55 行.
INFO: Run Behavior\CheckLangBehavior [ RunTime:0.000402s ]
INFO: [ app_begin ] --END-- [ RunTime:0.002548s ]
NOTIC: [8] Undefined index: trade_no D:\www\weiyuns\AdminApps\Admin\Controller\PayActionController.class.php 第 37 行.
NOTIC: [8] Undefined index: ordsubject D:\www\weiyuns\AdminApps\Admin\Controller\PayActionController.class.php 第 38 行.
NOTIC: [8] Undefined index: ordtotal_fee D:\www\weiyuns\AdminApps\Admin\Controller\PayActionController.class.php 第 39 行.
NOTIC: [8] Undefined index: ordbody D:\www\weiyuns\AdminApps\Admin\Controller\PayActionController.class.php 第 40 行.
NOTIC: [8] Undefined index: ordshow_url D:\www\weiyuns\AdminApps\Admin\Controller\PayActionController.class.php 第 41 行.
INFO: [ app_end ] --START--
INFO: Run Behavior\ShowPageTraceBehavior [ RunTime:0.000950s ]
INFO: [ app_end ] --END-- [ RunTime:0.001041s ]

[ 2017-10-07T08:51:18+08:00 ] ::1 /admin.php/PayAction/
INFO: [ app_init ] --START--
INFO: Run Behavior\BuildLiteBehavior [ RunTime:0.000024s ]
INFO: [ app_init ] --END-- [ RunTime:0.001114s ]
INFO: [ app_begin ] --START--
INFO: Run Behavior\ReadHtmlCacheBehavior [ RunTime:0.000696s ]
INFO: Run Behavior\CheckLangBehavior [ RunTime:0.000999s ]
NOTIC: [8] Constant LANG_SET already defined D:\www\weiyuns\ThinkPHPFrame\Library\Behavior\CheckLangBehavior.class.php 第 55 行.
INFO: Run Behavior\CheckLangBehavior [ RunTime:0.000361s ]
INFO: [ app_begin ] --END-- [ RunTime:0.002224s ]
ERR: 非法操作:index

[ 2017-10-07T08:51:20+08:00 ] ::1 /admin.php/PayAction/
INFO: [ app_init ] --START--
INFO: Run Behavior\BuildLiteBehavior [ RunTime:0.000019s ]
INFO: [ app_init ] --END-- [ RunTime:0.000508s ]
INFO: [ app_begin ] --START--
INFO: Run Behavior\ReadHtmlCacheBehavior [ RunTime:0.000556s ]
INFO: Run Behavior\CheckLangBehavior [ RunTime:0.000718s ]
NOTIC: [8] Constant LANG_SET already defined D:\www\weiyuns\ThinkPHPFrame\Library\Behavior\CheckLangBehavior.class.php 第 55 行.
INFO: Run Behavior\CheckLangBehavior [ RunTime:0.000301s ]
INFO: [ app_begin ] --END-- [ RunTime:0.001712s ]
ERR: 非法操作:index

[ 2017-10-07T08:51:28+08:00 ] ::1 /admin.php/PayAction/doalipay
INFO: [ app_init ] --START--
INFO: Run Behavior\BuildLiteBehavior [ RunTime:0.000021s ]
INFO: [ app_init ] --END-- [ RunTime:0.000629s ]
INFO: [ app_begin ] --START--
INFO: Run Behavior\ReadHtmlCacheBehavior [ RunTime:0.000737s ]
INFO: Run Behavior\CheckLangBehavior [ RunTime:0.000924s ]
NOTIC: [8] Constant LANG_SET already defined D:\www\weiyuns\ThinkPHPFrame\Library\Behavior\CheckLangBehavior.class.php 第 55 行.
INFO: Run Behavior\CheckLangBehavior [ RunTime:0.000316s ]
INFO: [ app_begin ] --END-- [ RunTime:0.002127s ]
NOTIC: [8] Undefined index: trade_no D:\www\weiyuns\AdminApps\Admin\Controller\PayActionController.class.php 第 37 行.
NOTIC: [8] Undefined index: ordsubject D:\www\weiyuns\AdminApps\Admin\Controller\PayActionController.class.php 第 38 行.
NOTIC: [8] Undefined index: ordtotal_fee D:\www\weiyuns\AdminApps\Admin\Controller\PayActionController.class.php 第 39 行.
NOTIC: [8] Undefined index: ordbody D:\www\weiyuns\AdminApps\Admin\Controller\PayActionController.class.php 第 40 行.
NOTIC: [8] Undefined index: ordshow_url D:\www\weiyuns\AdminApps\Admin\Controller\PayActionController.class.php 第 41 行.
INFO: [ app_end ] --START--
INFO: Run Behavior\ShowPageTraceBehavior [ RunTime:0.000723s ]
INFO: [ app_end ] --END-- [ RunTime:0.000789s ]

[ 2017-10-07T08:59:24+08:00 ] ::1 /
INFO: [ app_init ] --START--
INFO: Run Behavior\BuildLiteBehavior [ RunTime:0.000021s ]
INFO: [ app_init ] --END-- [ RunTime:0.001057s ]
INFO: [ app_begin ] --START--
INFO: Run Behavior\ReadHtmlCacheBehavior [ RunTime:0.001385s ]
INFO: Run Behavior\CheckLangBehavior [ RunTime:0.001998s ]
NOTIC: [8] Constant LANG_SET already defined D:\www\weiyuns\ThinkPHPFrame\Library\Behavior\CheckLangBehavior.class.php 第 55 行.
INFO: Run Behavior\CheckLangBehavior [ RunTime:0.000321s ]
INFO: [ app_begin ] --END-- [ RunTime:0.003897s ]
INFO: [ view_parse ] --START--
INFO: [ template_filter ] --START--
INFO: Run Behavior\ContentReplaceBehavior [ RunTime:0.000180s ]
INFO: [ template_filter ] --END-- [ RunTime:0.000318s ]
NOTIC: [8] Undefined variable: resource D:\www\weiyuns\AdminRuntime\Cache\Admin\cde42ebf34e6581b7150bdb94eadad64.php 第 6 行.
NOTIC: [8] Undefined variable: resource D:\www\weiyuns\AdminRuntime\Cache\Admin\cde42ebf34e6581b7150bdb94eadad64.php 第 8 行.
NOTIC: [8] Undefined variable: resource D:\www\weiyuns\AdminRuntime\Cache\Admin\cde42ebf34e6581b7150bdb94eadad64.php 第 10 行.
NOTIC: [8] Undefined variable: resource D:\www\weiyuns\AdminRuntime\Cache\Admin\cde42ebf34e6581b7150bdb94eadad64.php 第 12 行.
NOTIC: [8] Undefined variable: resource D:\www\weiyuns\AdminRuntime\Cache\Admin\cde42ebf34e6581b7150bdb94eadad64.php 第 13 行.
NOTIC: [8] Undefined variable: resource D:\www\weiyuns\AdminRuntime\Cache\Admin\cde42ebf34e6581b7150bdb94eadad64.php 第 14 行.
NOTIC: [8] Undefined variable: resource D:\www\weiyuns\AdminRuntime\Cache\Admin\cde42ebf34e6581b7150bdb94eadad64.php 第 16 行.
NOTIC: [8] Undefined variable: resource D:\www\weiyuns\AdminRuntime\Cache\Admin\cde42ebf34e6581b7150bdb94eadad64.php 第 18 行.
NOTIC: [8] Undefined variable: resource D:\www\weiyuns\AdminRuntime\Cache\Admin\cde42ebf34e6581b7150bdb94eadad64.php 第 19 行.
INFO: Run Behavior\ParseTemplateBehavior [ RunTime:0.014854s ]
INFO: [ view_parse ] --END-- [ RunTime:0.014931s ]
INFO: [ view_filter ] --START--
INFO: Run Behavior\WriteHtmlCacheBehavior [ RunTime:0.001152s ]
INFO: [ view_filter ] --END-- [ RunTime:0.001244s ]
INFO: [ app_end ] --START--
INFO: Run Behavior\ShowPageTraceBehavior [ RunTime:0.003808s ]
INFO: [ app_end ] --END-- [ RunTime:0.003945s ]

[ 2017-10-07T08:59:24+08:00 ] ::1 /css/main.css
INFO: [ app_init ] --START--
INFO: Run Behavior\BuildLiteBehavior [ RunTime:0.000056s ]
INFO: [ app_init ] --END-- [ RunTime:0.001293s ]
INFO: [ app_begin ] --START--
INFO: Run Behavior\ReadHtmlCacheBehavior [ RunTime:0.002387s ]
INFO: Run Behavior\CheckLangBehavior [ RunTime:0.003038s ]
NOTIC: [8] Constant LANG_SET already defined D:\www\weiyuns\ThinkPHPFrame\Library\Behavior\CheckLangBehavior.class.php 第 55 行.
INFO: Run Behavior\CheckLangBehavior [ RunTime:0.000551s ]
INFO: [ app_begin ] --END-- [ RunTime:0.006249s ]
ERR: 无法加载控制器:Css

[ 2017-10-07T08:59:24+08:00 ] ::1 /admin/css/animate.min.css
INFO: [ app_init ] --START--
INFO: Run Behavior\BuildLiteBehavior [ RunTime:0.000031s ]
INFO: [ app_init ] --END-- [ RunTime:0.001020s ]
INFO: [ app_begin ] --START--
INFO: Run Behavior\ReadHtmlCacheBehavior [ RunTime:0.001425s ]
INFO: Run Behavior\CheckLangBehavior [ RunTime:0.001920s ]
NOTIC: [8] Constant LANG_SET already defined D:\www\weiyuns\ThinkPHPFrame\Library\Behavior\CheckLangBehavior.class.php 第 55 行.
INFO: Run Behavior\CheckLangBehavior [ RunTime:0.000687s ]
INFO: [ app_begin ] --END-- [ RunTime:0.004295s ]
ERR: 无法加载控制器:Css

[ 2017-10-07T08:59:24+08:00 ] ::1 /admin/plugin/font-awesome/css/font-awesome.min.css
INFO: [ app_init ] --START--
INFO: Run Behavior\BuildLiteBehavior [ RunTime:0.000033s ]
INFO: [ app_init ] --END-- [ RunTime:0.001200s ]
INFO: [ app_begin ] --START--
INFO: Run Behavior\ReadHtmlCacheBehavior [ RunTime:0.007107s ]
INFO: Run Behavior\CheckLangBehavior [ RunTime:0.003072s ]
NOTIC: [8] Constant LANG_SET already defined D:\www\weiyuns\ThinkPHPFrame\Library\Behavior\CheckLangBehavior.class.php 第 55 行.
INFO: Run Behavior\CheckLangBehavior [ RunTime:0.000578s ]
INFO: [ app_begin ] --END-- [ RunTime:0.011047s ]
ERR: 无法加载控制器:Plugin

[ 2017-10-07T08:59:24+08:00 ] ::1 /admin/plugin/layui/css/layui.css
INFO: [ app_init ] --START--
INFO: Run Behavior\BuildLiteBehavior [ RunTime:0.000139s ]
INFO: [ app_init ] --END-- [ RunTime:0.001352s ]
INFO: [ app_begin ] --START--
INFO: Run Behavior\ReadHtmlCacheBehavior [ RunTime:0.001909s ]
INFO: Run Behavior\CheckLangBehavior [ RunTime:0.001990s ]
NOTIC: [8] Constant LANG_SET already defined D:\www\weiyuns\ThinkPHPFrame\Library\Behavior\CheckLangBehavior.class.php 第 55 行.
INFO: Run Behavior\CheckLangBehavior [ RunTime:0.000600s ]
INFO: [ app_begin ] --END-- [ RunTime:0.004747s ]
ERR: 无法加载控制器:Plugin

[ 2017-10-07T08:59:24+08:00 ] ::1 /bootstrap/css/bootstrap.min.css
INFO: [ app_init ] --START--
INFO: Run Behavior\BuildLiteBehavior [ RunTime:0.000028s ]
INFO: [ app_init ] --END-- [ RunTime:0.001129s ]
INFO: [ app_begin ] --START--
INFO: Run Behavior\ReadHtmlCacheBehavior [ RunTime:0.002152s ]
INFO: Run Behavior\CheckLangBehavior [ RunTime:0.033760s ]
NOTIC: [8] Constant LANG_SET already defined D:\www\weiyuns\ThinkPHPFrame\Library\Behavior\CheckLangBehavior.class.php 第 55 行.
INFO: Run Behavior\CheckLangBehavior [ RunTime:0.000558s ]
INFO: [ app_begin ] --END-- [ RunTime:0.036745s ]
ERR: 无法加载控制器:Bootstrap

[ 2017-10-07T08:59:24+08:00 ] ::1 /css/index_style.css
INFO: [ app_init ] --START--
INFO: Run Behavior\BuildLiteBehavior [ RunTime:0.000029s ]
INFO: [ app_init ] --END-- [ RunTime:0.001408s ]
INFO: [ app_begin ] --START--
INFO: Run Behavior\ReadHtmlCacheBehavior [ RunTime:0.002167s ]
INFO: Run Behavior\CheckLangBehavior [ RunTime:0.006686s ]
NOTIC: [8] Constant LANG_SET already defined D:\www\weiyuns\ThinkPHPFrame\Library\Behavior\CheckLangBehavior.class.php 第 55 行.
INFO: Run Behavior\CheckLangBehavior [ RunTime:0.004838s ]
INFO: [ app_begin ] --END-- [ RunTime:0.013954s ]
ERR: 无法加载控制器:Css

[ 2017-10-07T08:59:24+08:00 ] ::1 /dist/css/AdminLTE.min.css
INFO: [ app_init ] --START--
INFO: Run Behavior\BuildLiteBehavior [ RunTime:0.000030s ]
INFO: [ app_init ] --END-- [ RunTime:0.001196s ]
INFO: [ app_begin ] --START--
INFO: Run Behavior\ReadHtmlCacheBehavior [ RunTime:0.002012s ]
INFO: Run Behavior\CheckLangBehavior [ RunTime:0.002104s ]
NOTIC: [8] Constant LANG_SET already defined D:\www\weiyuns\ThinkPHPFrame\Library\Behavior\CheckLangBehavior.class.php 第 55 行.
INFO: Run Behavior\CheckLangBehavior [ RunTime:0.000523s ]
INFO: [ app_begin ] --END-- [ RunTime:0.004913s ]
ERR: 无法加载控制器:Dist

[ 2017-10-07T08:59:25+08:00 ] ::1 /bootstrap/css/bootstrap.min.css
INFO: [ app_init ] --START--
INFO: Run Behavior\BuildLiteBehavior [ RunTime:0.000023s ]
INFO: [ app_init ] --END-- [ RunTime:0.000599s ]
INFO: [ app_begin ] --START--
INFO: Run Behavior\ReadHtmlCacheBehavior [ RunTime:0.001118s ]
INFO: Run Behavior\CheckLangBehavior [ RunTime:0.001440s ]
NOTIC: [8] Constant LANG_SET already defined D:\www\weiyuns\ThinkPHPFrame\Library\Behavior\CheckLangBehavior.class.php 第 55 行.
INFO: Run Behavior\CheckLangBehavior [ RunTime:0.000360s ]
INFO: [ app_begin ] --END-- [ RunTime:0.003177s ]
ERR: 无法加载控制器:Bootstrap

[ 2017-10-07T08:59:25+08:00 ] ::1 /dist/css/AdminLTE.min.css
INFO: [ app_init ] --START--
INFO: Run Behavior\BuildLiteBehavior [ RunTime:0.000019s ]
INFO: [ app_init ] --END-- [ RunTime:0.000620s ]
INFO: [ app_begin ] --START--
INFO: Run Behavior\ReadHtmlCacheBehavior [ RunTime:0.001168s ]
INFO: Run Behavior\CheckLangBehavior [ RunTime:0.001432s ]
NOTIC: [8] Constant LANG_SET already defined D:\www\weiyuns\ThinkPHPFrame\Library\Behavior\CheckLangBehavior.class.php 第 55 行.
INFO: Run Behavior\CheckLangBehavior [ RunTime:0.000423s ]
INFO: [ app_begin ] --END-- [ RunTime:0.003204s ]
ERR: 无法加载控制器:Dist

[ 2017-10-07T08:59:25+08:00 ] ::1 /favicon.ico
INFO: [ app_init ] --START--
INFO: Run Behavior\BuildLiteBehavior [ RunTime:0.000048s ]
INFO: [ app_init ] --END-- [ RunTime:0.001149s ]

[ 2017-10-07T08:59:25+08:00 ] ::1 /index.php/Login/getPic.html
INFO: [ app_init ] --START--
INFO: Run Behavior\BuildLiteBehavior [ RunTime:0.000031s ]
INFO: [ app_init ] --END-- [ RunTime:0.000901s ]
INFO: [ app_begin ] --START--
INFO: Run Behavior\ReadHtmlCacheBehavior [ RunTime:0.001884s ]
INFO: Run Behavior\CheckLangBehavior [ RunTime:0.002224s ]
NOTIC: [8] Constant LANG_SET already defined D:\www\weiyuns\ThinkPHPFrame\Library\Behavior\CheckLangBehavior.class.php 第 55 行.
INFO: Run Behavior\CheckLangBehavior [ RunTime:0.000741s ]
INFO: [ app_begin ] --END-- [ RunTime:0.005712s ]
SQL: SHOW COLUMNS FROM `yefan_admin` [ RunTime:0.0057s ]
SQL: SHOW COLUMNS FROM `yefan_upload` [ RunTime:0.0018s ]
SQL: SELECT * FROM `yefan_admin` WHERE `admin_name` LIKE '%admin%' LIMIT 1   [ RunTime:0.0005s ]
SQL: SELECT * FROM `yefan_upload` WHERE `admin_id` = 46 LIMIT 1   [ RunTime:0.0005s ]
INFO: [ app_end ] --START--
INFO: Run Behavior\ShowPageTraceBehavior [ RunTime:0.002071s ]
INFO: [ app_end ] --END-- [ RunTime:0.002187s ]

[ 2017-10-07T08:59:32+08:00 ] ::1 /index.php/Login/login.html
INFO: [ app_init ] --START--
INFO: Run Behavior\BuildLiteBehavior [ RunTime:0.000027s ]
INFO: [ app_init ] --END-- [ RunTime:0.000890s ]
INFO: [ app_begin ] --START--
INFO: Run Behavior\ReadHtmlCacheBehavior [ RunTime:0.002233s ]
INFO: Run Behavior\CheckLangBehavior [ RunTime:0.001508s ]
NOTIC: [8] Constant LANG_SET already defined D:\www\weiyuns\ThinkPHPFrame\Library\Behavior\CheckLangBehavior.class.php 第 55 行.
INFO: Run Behavior\CheckLangBehavior [ RunTime:0.000332s ]
INFO: [ app_begin ] --END-- [ RunTime:0.004297s ]
SQL: SHOW COLUMNS FROM `yefan_admin` [ RunTime:0.0052s ]
SQL: SHOW COLUMNS FROM `yefan_admin` [ RunTime:0.0008s ]
SQL: SELECT * FROM `yefan_admin` WHERE ( admin_name='admin' ) LIMIT 1   [ RunTime:0.0004s ]
SQL: UPDATE `yefan_admin` SET `last_login_time`='1507337972',`last_ip_address`='0.0.0.0' WHERE ( admin_id=46 ) [ RunTime:0.0026s ]

[ 2017-10-07T08:59:32+08:00 ] ::1 /index.php/Login/login.html
INFO: [ app_init ] --START--
INFO: Run Behavior\BuildLiteBehavior [ RunTime:0.000052s ]
INFO: [ app_init ] --END-- [ RunTime:0.001034s ]
INFO: [ app_begin ] --START--
INFO: Run Behavior\ReadHtmlCacheBehavior [ RunTime:0.001644s ]
INFO: Run Behavior\CheckLangBehavior [ RunTime:0.002678s ]
NOTIC: [8] Constant LANG_SET already defined D:\www\weiyuns\ThinkPHPFrame\Library\Behavior\CheckLangBehavior.class.php 第 55 行.
INFO: Run Behavior\CheckLangBehavior [ RunTime:0.000348s ]
INFO: [ app_begin ] --END-- [ RunTime:0.004906s ]
SQL: SHOW COLUMNS FROM `yefan_admin` [ RunTime:0.0052s ]
SQL: SHOW COLUMNS FROM `yefan_admin` [ RunTime:0.0012s ]
SQL: SELECT * FROM `yefan_admin` WHERE ( admin_name='admin' ) LIMIT 1   [ RunTime:0.0003s ]
SQL: UPDATE `yefan_admin` SET `last_login_time`='1507337972',`last_ip_address`='0.0.0.0' WHERE ( admin_id=46 ) [ RunTime:0.0029s ]

[ 2017-10-07T08:59:33+08:00 ] ::1 /admin.php/Index/
INFO: [ app_init ] --START--
INFO: Run Behavior\BuildLiteBehavior [ RunTime:0.000022s ]
INFO: [ app_init ] --END-- [ RunTime:0.000652s ]
INFO: [ app_begin ] --START--
INFO: Run Behavior\ReadHtmlCacheBehavior [ RunTime:0.001777s ]
INFO: Run Behavior\CheckLangBehavior [ RunTime:0.001830s ]
NOTIC: [8] Constant LANG_SET already defined D:\www\weiyuns\ThinkPHPFrame\Library\Behavior\CheckLangBehavior.class.php 第 55 行.
INFO: Run Behavior\CheckLangBehavior [ RunTime:0.000385s ]
INFO: [ app_begin ] --END-- [ RunTime:0.004200s ]
ERR: syntax error, unexpected '<<' (T_SL)

[ 2017-10-07T08:59:50+08:00 ] ::1 /Index/
INFO: [ app_init ] --START--
INFO: Run Behavior\BuildLiteBehavior [ RunTime:0.000034s ]
INFO: [ app_init ] --END-- [ RunTime:0.000733s ]
INFO: [ app_begin ] --START--
INFO: Run Behavior\ReadHtmlCacheBehavior [ RunTime:0.001814s ]
INFO: Run Behavior\CheckLangBehavior [ RunTime:0.001817s ]
NOTIC: [8] Constant LANG_SET already defined D:\www\weiyuns\ThinkPHPFrame\Library\Behavior\CheckLangBehavior.class.php 第 55 行.
INFO: Run Behavior\CheckLangBehavior [ RunTime:0.000443s ]
INFO: [ app_begin ] --END-- [ RunTime:0.004278s ]

[ 2017-10-07T08:59:51+08:00 ] ::1 /admin.php/Index/
INFO: [ app_init ] --START--
INFO: Run Behavior\BuildLiteBehavior [ RunTime:0.000026s ]
INFO: [ app_init ] --END-- [ RunTime:0.000752s ]
INFO: [ app_begin ] --START--
INFO: Run Behavior\ReadHtmlCacheBehavior [ RunTime:0.001421s ]
INFO: Run Behavior\CheckLangBehavior [ RunTime:0.001720s ]
NOTIC: [8] Constant LANG_SET already defined D:\www\weiyuns\ThinkPHPFrame\Library\Behavior\CheckLangBehavior.class.php 第 55 行.
INFO: Run Behavior\CheckLangBehavior [ RunTime:0.000452s ]
INFO: [ app_begin ] --END-- [ RunTime:0.003802s ]
ERR: syntax error, unexpected '<<' (T_SL)

[ 2017-10-07T08:59:56+08:00 ] ::1 /Index/
INFO: [ app_init ] --START--
INFO: Run Behavior\BuildLiteBehavior [ RunTime:0.000020s ]
INFO: [ app_init ] --END-- [ RunTime:0.000575s ]
INFO: [ app_begin ] --START--
INFO: Run Behavior\ReadHtmlCacheBehavior [ RunTime:0.001115s ]
INFO: Run Behavior\CheckLangBehavior [ RunTime:0.001312s ]
NOTIC: [8] Constant LANG_SET already defined D:\www\weiyuns\ThinkPHPFrame\Library\Behavior\CheckLangBehavior.class.php 第 55 行.
INFO: Run Behavior\CheckLangBehavior [ RunTime:0.000343s ]
INFO: [ app_begin ] --END-- [ RunTime:0.002956s ]

[ 2017-10-07T08:59:57+08:00 ] ::1 /admin.php/Index/
INFO: [ app_init ] --START--
INFO: Run Behavior\BuildLiteBehavior [ RunTime:0.000020s ]
INFO: [ app_init ] --END-- [ RunTime:0.000554s ]
INFO: [ app_begin ] --START--
INFO: Run Behavior\ReadHtmlCacheBehavior [ RunTime:0.001282s ]
INFO: Run Behavior\CheckLangBehavior [ RunTime:0.001332s ]
NOTIC: [8] Constant LANG_SET already defined D:\www\weiyuns\ThinkPHPFrame\Library\Behavior\CheckLangBehavior.class.php 第 55 行.
INFO: Run Behavior\CheckLangBehavior [ RunTime:0.000492s ]
INFO: [ app_begin ] --END-- [ RunTime:0.003328s ]
ERR: syntax error, unexpected '<<' (T_SL)

[ 2017-10-07T09:00:14+08:00 ] ::1 /admin.php/Index/
INFO: [ app_init ] --START--
INFO: Run Behavior\BuildLiteBehavior [ RunTime:0.000019s ]
INFO: [ app_init ] --END-- [ RunTime:0.000626s ]
INFO: [ app_begin ] --START--
INFO: Run Behavior\ReadHtmlCacheBehavior [ RunTime:0.002342s ]
INFO: Run Behavior\CheckLangBehavior [ RunTime:0.002020s ]
NOTIC: [8] Constant LANG_SET already defined D:\www\weiyuns\ThinkPHPFrame\Library\Behavior\CheckLangBehavior.class.php 第 55 行.
INFO: Run Behavior\CheckLangBehavior [ RunTime:0.000378s ]
INFO: [ app_begin ] --END-- [ RunTime:0.004973s ]
ERR: syntax error, unexpected '<<' (T_SL)

[ 2017-10-07T09:00:18+08:00 ] ::1 /admin.php
INFO: [ app_init ] --START--
INFO: Run Behavior\BuildLiteBehavior [ RunTime:0.000017s ]
INFO: [ app_init ] --END-- [ RunTime:0.000582s ]
INFO: [ app_begin ] --START--
INFO: Run Behavior\ReadHtmlCacheBehavior [ RunTime:0.001130s ]
INFO: Run Behavior\CheckLangBehavior [ RunTime:0.001266s ]
NOTIC: [8] Constant LANG_SET already defined D:\www\weiyuns\ThinkPHPFrame\Library\Behavior\CheckLangBehavior.class.php 第 55 行.
INFO: Run Behavior\CheckLangBehavior [ RunTime:0.000365s ]
INFO: [ app_begin ] --END-- [ RunTime:0.002921s ]

[ 2017-10-07T09:00:19+08:00 ] ::1 /admin.php/Index/
INFO: [ app_init ] --START--
INFO: Run Behavior\BuildLiteBehavior [ RunTime:0.000038s ]
INFO: [ app_init ] --END-- [ RunTime:0.001026s ]
INFO: [ app_begin ] --START--
INFO: Run Behavior\ReadHtmlCacheBehavior [ RunTime:0.001602s ]
INFO: Run Behavior\CheckLangBehavior [ RunTime:0.001688s ]
NOTIC: [8] Constant LANG_SET already defined D:\www\weiyuns\ThinkPHPFrame\Library\Behavior\CheckLangBehavior.class.php 第 55 行.
INFO: Run Behavior\CheckLangBehavior [ RunTime:0.000335s ]
INFO: [ app_begin ] --END-- [ RunTime:0.003831s ]
ERR: syntax error, unexpected '<<' (T_SL)

[ 2017-10-07T09:00:50+08:00 ] ::1 /admin.php/Index/
INFO: [ app_init ] --START--
INFO: Run Behavior\BuildLiteBehavior [ RunTime:0.000033s ]
INFO: [ app_init ] --END-- [ RunTime:0.000974s ]
INFO: [ app_begin ] --START--
INFO: Run Behavior\ReadHtmlCacheBehavior [ RunTime:0.002360s ]
INFO: Run Behavior\CheckLangBehavior [ RunTime:0.002490s ]
NOTIC: [8] Constant LANG_SET already defined D:\www\weiyuns\ThinkPHPFrame\Library\Behavior\CheckLangBehavior.class.php 第 55 行.
INFO: Run Behavior\CheckLangBehavior [ RunTime:0.000711s ]
INFO: [ app_begin ] --END-- [ RunTime:0.005872s ]
SQL: SHOW COLUMNS FROM `yefan_admin_role` [ RunTime:0.0052s ]
SQL: SHOW COLUMNS FROM `yefan_admin_role` [ RunTime:0.0006s ]
SQL: SELECT * FROM `yefan_admin_role` WHERE ( admin_id=46 )  [ RunTime:0.0003s ]
SQL: SHOW COLUMNS FROM `yefan_role_module` [ RunTime:0.0073s ]
SQL: SHOW COLUMNS FROM `yefan_role_module` [ RunTime:0.0007s ]
SQL: SELECT * FROM `yefan_role_module` WHERE ( role_id=52 )  [ RunTime:0.0007s ]
SQL: SHOW COLUMNS FROM `yefan_module` [ RunTime:0.0066s ]
SQL: SHOW COLUMNS FROM `yefan_module` [ RunTime:0.0009s ]
SQL: SELECT * FROM `yefan_module` WHERE ( module_id=1 ) LIMIT 1   [ RunTime:0.0004s ]
SQL: SELECT * FROM `yefan_module` WHERE ( module_id=2 ) LIMIT 1   [ RunTime:0.0005s ]
SQL: SELECT * FROM `yefan_module` WHERE ( module_id=185 ) LIMIT 1   [ RunTime:0.0007s ]
SQL: SELECT * FROM `yefan_module` WHERE ( module_id=188 ) LIMIT 1   [ RunTime:0.0006s ]
SQL: SELECT * FROM `yefan_module` WHERE ( module_id=189 ) LIMIT 1   [ RunTime:0.0003s ]
SQL: SELECT * FROM `yefan_module` WHERE ( module_id=219 ) LIMIT 1   [ RunTime:0.0003s ]
SQL: SELECT * FROM `yefan_module` WHERE ( module_id=220 ) LIMIT 1   [ RunTime:0.0004s ]
SQL: SELECT * FROM `yefan_module` WHERE ( module_id=221 ) LIMIT 1   [ RunTime:0.0003s ]
SQL: SELECT * FROM `yefan_module` WHERE ( module_id=222 ) LIMIT 1   [ RunTime:0.0003s ]
SQL: SELECT * FROM `yefan_module` WHERE ( module_id=223 ) LIMIT 1   [ RunTime:0.0003s ]
SQL: SELECT * FROM `yefan_module` WHERE ( module_id=224 ) LIMIT 1   [ RunTime:0.0003s ]
SQL: SELECT * FROM `yefan_module` WHERE ( module_id=225 ) LIMIT 1   [ RunTime:0.0002s ]
SQL: SELECT * FROM `yefan_module` WHERE ( module_id=226 ) LIMIT 1   [ RunTime:0.0002s ]
SQL: SELECT * FROM `yefan_module` WHERE ( module_id=227 ) LIMIT 1   [ RunTime:0.0002s ]
SQL: SELECT * FROM `yefan_module` WHERE ( module_id=228 ) LIMIT 1   [ RunTime:0.0002s ]
SQL: SELECT * FROM `yefan_module` WHERE ( module_id=229 ) LIMIT 1   [ RunTime:0.0002s ]
SQL: SELECT * FROM `yefan_module` WHERE ( module_id=340 ) LIMIT 1   [ RunTime:0.0002s ]
SQL: SELECT * FROM `yefan_module` WHERE ( module_id=477 ) LIMIT 1   [ RunTime:0.0002s ]
SQL: SELECT * FROM `yefan_module` WHERE ( module_id=478 ) LIMIT 1   [ RunTime:0.0003s ]
SQL: SELECT * FROM `yefan_module` WHERE ( module_id=900 ) LIMIT 1   [ RunTime:0.0004s ]
SQL: SELECT * FROM `yefan_module` WHERE ( module_id=3 ) LIMIT 1   [ RunTime:0.0005s ]
SQL: SELECT * FROM `yefan_module` WHERE ( module_id=331 ) LIMIT 1   [ RunTime:0.0003s ]
SQL: SELECT * FROM `yefan_module` WHERE ( module_id=332 ) LIMIT 1   [ RunTime:0.0002s ]
SQL: SELECT * FROM `yefan_module` WHERE ( module_id=336 ) LIMIT 1   [ RunTime:0.0003s ]
SQL: SELECT * FROM `yefan_module` WHERE ( module_id=337 ) LIMIT 1   [ RunTime:0.0002s ]
SQL: SELECT * FROM `yefan_module` WHERE ( module_id=338 ) LIMIT 1   [ RunTime:0.0003s ]
SQL: SELECT * FROM `yefan_module` WHERE ( module_id=339 ) LIMIT 1   [ RunTime:0.0002s ]
SQL: SELECT * FROM `yefan_module` WHERE ( module_id=341 ) LIMIT 1   [ RunTime:0.0003s ]
SQL: SELECT * FROM `yefan_module` WHERE ( module_id=356 ) LIMIT 1   [ RunTime:0.0005s ]
SQL: SELECT * FROM `yefan_module` WHERE ( module_id=358 ) LIMIT 1   [ RunTime:0.0005s ]
SQL: SELECT * FROM `yefan_module` WHERE ( module_id=359 ) LIMIT 1   [ RunTime:0.0004s ]
SQL: SELECT * FROM `yefan_module` WHERE ( module_id=360 ) LIMIT 1   [ RunTime:0.0004s ]
SQL: SELECT * FROM `yefan_module` WHERE ( module_id=361 ) LIMIT 1   [ RunTime:0.0003s ]
SQL: SELECT * FROM `yefan_module` WHERE ( module_id=362 ) LIMIT 1   [ RunTime:0.0003s ]
SQL: SELECT * FROM `yefan_module` WHERE ( module_id=363 ) LIMIT 1   [ RunTime:0.0002s ]
SQL: SELECT * FROM `yefan_module` WHERE ( module_id=364 ) LIMIT 1   [ RunTime:0.0002s ]
SQL: SELECT * FROM `yefan_module` WHERE ( module_id=378 ) LIMIT 1   [ RunTime:0.0003s ]
SQL: SELECT * FROM `yefan_module` WHERE ( module_id=379 ) LIMIT 1   [ RunTime:0.0002s ]
SQL: SELECT * FROM `yefan_module` WHERE ( module_id=380 ) LIMIT 1   [ RunTime:0.0002s ]
SQL: SELECT * FROM `yefan_module` WHERE ( module_id=381 ) LIMIT 1   [ RunTime:0.0002s ]
SQL: SELECT * FROM `yefan_module` WHERE ( module_id=382 ) LIMIT 1   [ RunTime:0.0002s ]
SQL: SELECT * FROM `yefan_module` WHERE ( module_id=383 ) LIMIT 1   [ RunTime:0.0002s ]
SQL: SELECT * FROM `yefan_module` WHERE ( module_id=384 ) LIMIT 1   [ RunTime:0.0002s ]
SQL: SELECT * FROM `yefan_module` WHERE ( module_id=385 ) LIMIT 1   [ RunTime:0.0002s ]
SQL: SELECT * FROM `yefan_module` WHERE ( module_id=386 ) LIMIT 1   [ RunTime:0.0002s ]
SQL: SELECT * FROM `yefan_module` WHERE ( module_id=394 ) LIMIT 1   [ RunTime:0.0003s ]
SQL: SELECT * FROM `yefan_module` WHERE ( module_id=396 ) LIMIT 1   [ RunTime:0.0004s ]
SQL: SELECT * FROM `yefan_module` WHERE ( module_id=4 ) LIMIT 1   [ RunTime:0.0004s ]
SQL: SELECT * FROM `yefan_module` WHERE ( module_id=327 ) LIMIT 1   [ RunTime:0.0003s ]
SQL: SELECT * FROM `yefan_module` WHERE ( module_id=328 ) LIMIT 1   [ RunTime:0.0004s ]
SQL: SELECT * FROM `yefan_module` WHERE ( module_id=329 ) LIMIT 1   [ RunTime:0.0004s ]
SQL: SELECT * FROM `yefan_module` WHERE ( module_id=330 ) LIMIT 1   [ RunTime:0.0003s ]
SQL: SELECT * FROM `yefan_module` WHERE ( module_id=333 ) LIMIT 1   [ RunTime:0.0003s ]
SQL: SELECT * FROM `yefan_module` WHERE ( module_id=334 ) LIMIT 1   [ RunTime:0.0002s ]
SQL: SELECT * FROM `yefan_module` WHERE ( module_id=346 ) LIMIT 1   [ RunTime:0.0002s ]
SQL: SELECT * FROM `yefan_module` WHERE ( module_id=401 ) LIMIT 1   [ RunTime:0.0002s ]
SQL: SELECT * FROM `yefan_module` WHERE ( module_id=402 ) LIMIT 1   [ RunTime:0.0003s ]
SQL: SELECT * FROM `yefan_module` WHERE ( module_id=403 ) LIMIT 1   [ RunTime:0.0002s ]
SQL: SELECT * FROM `yefan_module` WHERE ( module_id=404 ) LIMIT 1   [ RunTime:0.0004s ]
SQL: SELECT * FROM `yefan_module` WHERE ( module_id=405 ) LIMIT 1   [ RunTime:0.0006s ]
SQL: SELECT * FROM `yefan_module` WHERE ( module_id=406 ) LIMIT 1   [ RunTime:0.0004s ]
SQL: SELECT * FROM `yefan_module` WHERE ( module_id=5 ) LIMIT 1   [ RunTime:0.0003s ]
SQL: SELECT * FROM `yefan_module` WHERE ( module_id=347 ) LIMIT 1   [ RunTime:0.0003s ]
SQL: SELECT * FROM `yefan_module` WHERE ( module_id=348 ) LIMIT 1   [ RunTime:0.0003s ]
SQL: SELECT * FROM `yefan_module` WHERE ( module_id=349 ) LIMIT 1   [ RunTime:0.0002s ]
SQL: SELECT * FROM `yefan_module` WHERE ( module_id=350 ) LIMIT 1   [ RunTime:0.0002s ]
SQL: SELECT * FROM `yefan_module` WHERE ( module_id=351 ) LIMIT 1   [ RunTime:0.0002s ]
SQL: SELECT * FROM `yefan_module` WHERE ( module_id=352 ) LIMIT 1   [ RunTime:0.0002s ]
SQL: SELECT * FROM `yefan_module` WHERE ( module_id=353 ) LIMIT 1   [ RunTime:0.0002s ]
SQL: SELECT * FROM `yefan_module` WHERE ( module_id=354 ) LIMIT 1   [ RunTime:0.0003s ]
SQL: SELECT * FROM `yefan_module` WHERE ( module_id=355 ) LIMIT 1   [ RunTime:0.0002s ]
SQL: SELECT * FROM `yefan_module` WHERE ( module_id=357 ) LIMIT 1   [ RunTime:0.0002s ]
SQL: SELECT * FROM `yefan_module` WHERE ( module_id=365 ) LIMIT 1   [ RunTime:0.0002s ]
SQL: SELECT * FROM `yefan_module` WHERE ( module_id=366 ) LIMIT 1   [ RunTime:0.0002s ]
SQL: SELECT * FROM `yefan_module` WHERE ( module_id=367 ) LIMIT 1   [ RunTime:0.0002s ]
SQL: SELECT * FROM `yefan_module` WHERE ( module_id=368 ) LIMIT 1   [ RunTime:0.0002s ]
SQL: SELECT * FROM `yefan_module` WHERE ( module_id=369 ) LIMIT 1   [ RunTime:0.0003s ]
SQL: SELECT * FROM `yefan_module` WHERE ( module_id=370 ) LIMIT 1   [ RunTime:0.0004s ]
SQL: SELECT * FROM `yefan_module` WHERE ( module_id=371 ) LIMIT 1   [ RunTime:0.0003s ]
SQL: SELECT * FROM `yefan_module` WHERE ( module_id=372 ) LIMIT 1   [ RunTime:0.0003s ]
SQL: SELECT * FROM `yefan_module` WHERE ( module_id=373 ) LIMIT 1   [ RunTime:0.0003s ]
SQL: SELECT * FROM `yefan_module` WHERE ( module_id=374 ) LIMIT 1   [ RunTime:0.0004s ]
SQL: SELECT * FROM `yefan_module` WHERE ( module_id=375 ) LIMIT 1   [ RunTime:0.0003s ]
SQL: SELECT * FROM `yefan_module` WHERE ( module_id=376 ) LIMIT 1   [ RunTime:0.0003s ]
SQL: SELECT * FROM `yefan_module` WHERE ( module_id=377 ) LIMIT 1   [ RunTime:0.0004s ]
SQL: SELECT * FROM `yefan_module` WHERE ( module_id=387 ) LIMIT 1   [ RunTime:0.0004s ]
SQL: SELECT * FROM `yefan_module` WHERE ( module_id=388 ) LIMIT 1   [ RunTime:0.0003s ]
SQL: SELECT * FROM `yefan_module` WHERE ( module_id=389 ) LIMIT 1   [ RunTime:0.0002s ]
SQL: SELECT * FROM `yefan_module` WHERE ( module_id=390 ) LIMIT 1   [ RunTime:0.0002s ]
SQL: SELECT * FROM `yefan_module` WHERE ( module_id=391 ) LIMIT 1   [ RunTime:0.0008s ]
SQL: SELECT * FROM `yefan_module` WHERE ( module_id=392 ) LIMIT 1   [ RunTime:0.0005s ]
SQL: SELECT * FROM `yefan_module` WHERE ( module_id=393 ) LIMIT 1   [ RunTime:0.0003s ]
SQL: SELECT * FROM `yefan_module` WHERE ( module_id=395 ) LIMIT 1   [ RunTime:0.0003s ]
SQL: SELECT * FROM `yefan_module` WHERE ( module_id=398 ) LIMIT 1   [ RunTime:0.0003s ]
SQL: SELECT * FROM `yefan_module` WHERE ( module_id=399 ) LIMIT 1   [ RunTime:0.0003s ]
SQL: SELECT * FROM `yefan_module` WHERE ( module_id=400 ) LIMIT 1   [ RunTime:0.0002s ]
SQL: SELECT * FROM `yefan_module` WHERE ( module_id=485 ) LIMIT 1   [ RunTime:0.0002s ]
SQL: SELECT * FROM `yefan_module` WHERE ( module_id=901 ) LIMIT 1   [ RunTime:0.0002s ]
SQL: SHOW COLUMNS FROM `yefan_web_config` [ RunTime:0.0057s ]
SQL: SHOW COLUMNS FROM `yefan_web_config` [ RunTime:0.0009s ]
SQL: SELECT * FROM `yefan_web_config` LIMIT 1   [ RunTime:0.0004s ]
SQL: SHOW COLUMNS FROM `yefan_menu_group` [ RunTime:0.0054s ]
SQL: SHOW COLUMNS FROM `yefan_menu_group` [ RunTime:0.0008s ]
SQL: SELECT * FROM `yefan_menu_group` WHERE ( is_hidden=0 ) ORDER BY group_order desc  [ RunTime:0.0004s ]
SQL: SHOW COLUMNS FROM `yefan_admin_menu` [ RunTime:0.0065s ]
SQL: SHOW COLUMNS FROM `yefan_admin_menu` [ RunTime:0.0009s ]
SQL: SELECT * FROM `yefan_admin_menu` WHERE ( is_hidden=0 ) ORDER BY menu_order desc  [ RunTime:0.0006s ]
SQL: SELECT `admin_page` FROM `yefan_web_config` LIMIT 1   [ RunTime:0.0003s ]
SQL: SELECT `admin_page` FROM `yefan_web_config` LIMIT 1   [ RunTime:0.0002s ]
SQL: SHOW COLUMNS FROM `yefan_upload` [ RunTime:0.0016s ]
SQL: SELECT * FROM `yefan_upload` WHERE `admin_id` = 46 LIMIT 1   [ RunTime:0.0004s ]
SQL: SELECT * FROM `yefan_menu_group` WHERE ( is_hidden=0 ) ORDER BY group_order desc  [ RunTime:0.0003s ]
INFO: [ view_parse ] --START--
INFO: [ template_filter ] --START--
INFO: Run Behavior\ContentReplaceBehavior [ RunTime:0.000104s ]
INFO: [ template_filter ] --END-- [ RunTime:0.000184s ]
INFO: Run Behavior\ParseTemplateBehavior [ RunTime:0.014686s ]
INFO: [ view_parse ] --END-- [ RunTime:0.014833s ]
INFO: [ view_filter ] --START--
INFO: Run Behavior\WriteHtmlCacheBehavior [ RunTime:0.000891s ]
INFO: [ view_filter ] --END-- [ RunTime:0.000965s ]
INFO: [ app_end ] --START--
INFO: Run Behavior\ShowPageTraceBehavior [ RunTime:0.003071s ]
INFO: [ app_end ] --END-- [ RunTime:0.003190s ]

[ 2017-10-07T09:01:02+08:00 ] ::1 /admin.php/Tasks/listTaskGroups
INFO: [ app_init ] --START--
INFO: Run Behavior\BuildLiteBehavior [ RunTime:0.000024s ]
INFO: [ app_init ] --END-- [ RunTime:0.001470s ]
INFO: [ app_begin ] --START--
INFO: Run Behavior\ReadHtmlCacheBehavior [ RunTime:0.001590s ]
INFO: Run Behavior\CheckLangBehavior [ RunTime:0.001850s ]
NOTIC: [8] Constant LANG_SET already defined D:\www\weiyuns\ThinkPHPFrame\Library\Behavior\CheckLangBehavior.class.php 第 55 行.
INFO: Run Behavior\CheckLangBehavior [ RunTime:0.000356s ]
INFO: [ app_begin ] --END-- [ RunTime:0.004011s ]
SQL: SHOW COLUMNS FROM `yefan_admin_role` [ RunTime:0.0050s ]
SQL: SHOW COLUMNS FROM `yefan_admin_role` [ RunTime:0.0007s ]
SQL: SELECT * FROM `yefan_admin_role` WHERE ( admin_id=46 )  [ RunTime:0.0004s ]
SQL: SHOW COLUMNS FROM `yefan_role_module` [ RunTime:0.0035s ]
SQL: SHOW COLUMNS FROM `yefan_role_module` [ RunTime:0.0007s ]
SQL: SELECT * FROM `yefan_role_module` WHERE ( role_id=52 )  [ RunTime:0.0012s ]
SQL: SHOW COLUMNS FROM `yefan_module` [ RunTime:0.0042s ]
SQL: SHOW COLUMNS FROM `yefan_module` [ RunTime:0.0007s ]
SQL: SELECT * FROM `yefan_module` WHERE ( module_id=1 ) LIMIT 1   [ RunTime:0.0003s ]
SQL: SELECT * FROM `yefan_module` WHERE ( module_id=2 ) LIMIT 1   [ RunTime:0.0003s ]
SQL: SELECT * FROM `yefan_module` WHERE ( module_id=185 ) LIMIT 1   [ RunTime:0.0002s ]
SQL: SELECT * FROM `yefan_module` WHERE ( module_id=188 ) LIMIT 1   [ RunTime:0.0002s ]
SQL: SELECT * FROM `yefan_module` WHERE ( module_id=189 ) LIMIT 1   [ RunTime:0.0003s ]
SQL: SELECT * FROM `yefan_module` WHERE ( module_id=219 ) LIMIT 1   [ RunTime:0.0003s ]
SQL: SELECT * FROM `yefan_module` WHERE ( module_id=220 ) LIMIT 1   [ RunTime:0.0002s ]
SQL: SELECT * FROM `yefan_module` WHERE ( module_id=221 ) LIMIT 1   [ RunTime:0.0003s ]
SQL: SELECT * FROM `yefan_module` WHERE ( module_id=222 ) LIMIT 1   [ RunTime:0.0002s ]
SQL: SELECT * FROM `yefan_module` WHERE ( module_id=223 ) LIMIT 1   [ RunTime:0.0002s ]
SQL: SELECT * FROM `yefan_module` WHERE ( module_id=224 ) LIMIT 1   [ RunTime:0.0002s ]
SQL: SELECT * FROM `yefan_module` WHERE ( module_id=225 ) LIMIT 1   [ RunTime:0.0002s ]
SQL: SELECT * FROM `yefan_module` WHERE ( module_id=226 ) LIMIT 1   [ RunTime:0.0003s ]
SQL: SELECT * FROM `yefan_module` WHERE ( module_id=227 ) LIMIT 1   [ RunTime:0.0002s ]
SQL: SELECT * FROM `yefan_module` WHERE ( module_id=228 ) LIMIT 1   [ RunTime:0.0002s ]
SQL: SELECT * FROM `yefan_module` WHERE ( module_id=229 ) LIMIT 1   [ RunTime:0.0002s ]
SQL: SELECT * FROM `yefan_module` WHERE ( module_id=340 ) LIMIT 1   [ RunTime:0.0002s ]
SQL: SELECT * FROM `yefan_module` WHERE ( module_id=477 ) LIMIT 1   [ RunTime:0.0002s ]
SQL: SELECT * FROM `yefan_module` WHERE ( module_id=478 ) LIMIT 1   [ RunTime:0.0008s ]
SQL: SELECT * FROM `yefan_module` WHERE ( module_id=900 ) LIMIT 1   [ RunTime:0.0004s ]
SQL: SELECT * FROM `yefan_module` WHERE ( module_id=3 ) LIMIT 1   [ RunTime:0.0003s ]
SQL: SELECT * FROM `yefan_module` WHERE ( module_id=331 ) LIMIT 1   [ RunTime:0.0003s ]
SQL: SELECT * FROM `yefan_module` WHERE ( module_id=332 ) LIMIT 1   [ RunTime:0.0004s ]
SQL: SELECT * FROM `yefan_module` WHERE ( module_id=336 ) LIMIT 1   [ RunTime:0.0003s ]
SQL: SELECT * FROM `yefan_module` WHERE ( module_id=337 ) LIMIT 1   [ RunTime:0.0002s ]
SQL: SELECT * FROM `yefan_module` WHERE ( module_id=338 ) LIMIT 1   [ RunTime:0.0002s ]
SQL: SELECT * FROM `yefan_module` WHERE ( module_id=339 ) LIMIT 1   [ RunTime:0.0002s ]
SQL: SELECT * FROM `yefan_module` WHERE ( module_id=341 ) LIMIT 1   [ RunTime:0.0002s ]
SQL: SELECT * FROM `yefan_module` WHERE ( module_id=356 ) LIMIT 1   [ RunTime:0.0002s ]
SQL: SELECT * FROM `yefan_module` WHERE ( module_id=358 ) LIMIT 1   [ RunTime:0.0002s ]
SQL: SELECT * FROM `yefan_module` WHERE ( module_id=359 ) LIMIT 1   [ RunTime:0.0002s ]
SQL: SELECT * FROM `yefan_module` WHERE ( module_id=360 ) LIMIT 1   [ RunTime:0.0002s ]
SQL: SELECT * FROM `yefan_module` WHERE ( module_id=361 ) LIMIT 1   [ RunTime:0.0002s ]
SQL: SELECT * FROM `yefan_module` WHERE ( module_id=362 ) LIMIT 1   [ RunTime:0.0002s ]
SQL: SELECT * FROM `yefan_module` WHERE ( module_id=363 ) LIMIT 1   [ RunTime:0.0002s ]
SQL: SELECT * FROM `yefan_module` WHERE ( module_id=364 ) LIMIT 1   [ RunTime:0.0002s ]
SQL: SELECT * FROM `yefan_module` WHERE ( module_id=378 ) LIMIT 1   [ RunTime:0.0002s ]
SQL: SELECT * FROM `yefan_module` WHERE ( module_id=379 ) LIMIT 1   [ RunTime:0.0002s ]
SQL: SELECT * FROM `yefan_module` WHERE ( module_id=380 ) LIMIT 1   [ RunTime:0.0002s ]
SQL: SELECT * FROM `yefan_module` WHERE ( module_id=381 ) LIMIT 1   [ RunTime:0.0002s ]
SQL: SELECT * FROM `yefan_module` WHERE ( module_id=382 ) LIMIT 1   [ RunTime:0.0002s ]
SQL: SELECT * FROM `yefan_module` WHERE ( module_id=383 ) LIMIT 1   [ RunTime:0.0002s ]
SQL: SELECT * FROM `yefan_module` WHERE ( module_id=384 ) LIMIT 1   [ RunTime:0.0002s ]
SQL: SELECT * FROM `yefan_module` WHERE ( module_id=385 ) LIMIT 1   [ RunTime:0.0002s ]
SQL: SELECT * FROM `yefan_module` WHERE ( module_id=386 ) LIMIT 1   [ RunTime:0.0002s ]
SQL: SELECT * FROM `yefan_module` WHERE ( module_id=394 ) LIMIT 1   [ RunTime:0.0002s ]
SQL: SELECT * FROM `yefan_module` WHERE ( module_id=396 ) LIMIT 1   [ RunTime:0.0002s ]
SQL: SELECT * FROM `yefan_module` WHERE ( module_id=4 ) LIMIT 1   [ RunTime:0.0002s ]
SQL: SELECT * FROM `yefan_module` WHERE ( module_id=327 ) LIMIT 1   [ RunTime:0.0002s ]
SQL: SELECT * FROM `yefan_module` WHERE ( module_id=328 ) LIMIT 1   [ RunTime:0.0002s ]
SQL: SELECT * FROM `yefan_module` WHERE ( module_id=329 ) LIMIT 1   [ RunTime:0.0002s ]
SQL: SELECT * FROM `yefan_module` WHERE ( module_id=330 ) LIMIT 1   [ RunTime:0.0002s ]
SQL: SELECT * FROM `yefan_module` WHERE ( module_id=333 ) LIMIT 1   [ RunTime:0.0003s ]
SQL: SELECT * FROM `yefan_module` WHERE ( module_id=334 ) LIMIT 1   [ RunTime:0.0003s ]
SQL: SELECT * FROM `yefan_module` WHERE ( module_id=346 ) LIMIT 1   [ RunTime:0.0006s ]
SQL: SELECT * FROM `yefan_module` WHERE ( module_id=401 ) LIMIT 1   [ RunTime:0.0007s ]
SQL: SELECT * FROM `yefan_module` WHERE ( module_id=402 ) LIMIT 1   [ RunTime:0.0003s ]
SQL: SELECT * FROM `yefan_module` WHERE ( module_id=403 ) LIMIT 1   [ RunTime:0.0003s ]
SQL: SELECT * FROM `yefan_module` WHERE ( module_id=404 ) LIMIT 1   [ RunTime:0.0003s ]
SQL: SELECT * FROM `yefan_module` WHERE ( module_id=405 ) LIMIT 1   [ RunTime:0.0002s ]
SQL: SELECT * FROM `yefan_module` WHERE ( module_id=406 ) LIMIT 1   [ RunTime:0.0002s ]
SQL: SELECT * FROM `yefan_module` WHERE ( module_id=5 ) LIMIT 1   [ RunTime:0.0002s ]
SQL: SELECT * FROM `yefan_module` WHERE ( module_id=347 ) LIMIT 1   [ RunTime:0.0002s ]
SQL: SELECT * FROM `yefan_module` WHERE ( module_id=348 ) LIMIT 1   [ RunTime:0.0002s ]
SQL: SELECT * FROM `yefan_module` WHERE ( module_id=349 ) LIMIT 1   [ RunTime:0.0002s ]
SQL: SELECT * FROM `yefan_module` WHERE ( module_id=350 ) LIMIT 1   [ RunTime:0.0002s ]
SQL: SELECT * FROM `yefan_module` WHERE ( module_id=351 ) LIMIT 1   [ RunTime:0.0002s ]
SQL: SELECT * FROM `yefan_module` WHERE ( module_id=352 ) LIMIT 1   [ RunTime:0.0002s ]
SQL: SELECT * FROM `yefan_module` WHERE ( module_id=353 ) LIMIT 1   [ RunTime:0.0002s ]
SQL: SELECT * FROM `yefan_module` WHERE ( module_id=354 ) LIMIT 1   [ RunTime:0.0002s ]
SQL: SELECT * FROM `yefan_module` WHERE ( module_id=355 ) LIMIT 1   [ RunTime:0.0002s ]
SQL: SELECT * FROM `yefan_module` WHERE ( module_id=357 ) LIMIT 1   [ RunTime:0.0002s ]
SQL: SELECT * FROM `yefan_module` WHERE ( module_id=365 ) LIMIT 1   [ RunTime:0.0002s ]
SQL: SELECT * FROM `yefan_module` WHERE ( module_id=366 ) LIMIT 1   [ RunTime:0.0002s ]
SQL: SELECT * FROM `yefan_module` WHERE ( module_id=367 ) LIMIT 1   [ RunTime:0.0002s ]
SQL: SELECT * FROM `yefan_module` WHERE ( module_id=368 ) LIMIT 1   [ RunTime:0.0002s ]
SQL: SELECT * FROM `yefan_module` WHERE ( module_id=369 ) LIMIT 1   [ RunTime:0.0002s ]
SQL: SELECT * FROM `yefan_module` WHERE ( module_id=370 ) LIMIT 1   [ RunTime:0.0003s ]
SQL: SELECT * FROM `yefan_module` WHERE ( module_id=371 ) LIMIT 1   [ RunTime:0.0002s ]
SQL: SELECT * FROM `yefan_module` WHERE ( module_id=372 ) LIMIT 1   [ RunTime:0.0002s ]
SQL: SELECT * FROM `yefan_module` WHERE ( module_id=373 ) LIMIT 1   [ RunTime:0.0002s ]
SQL: SELECT * FROM `yefan_module` WHERE ( module_id=374 ) LIMIT 1   [ RunTime:0.0002s ]
SQL: SELECT * FROM `yefan_module` WHERE ( module_id=375 ) LIMIT 1   [ RunTime:0.0002s ]
SQL: SELECT * FROM `yefan_module` WHERE ( module_id=376 ) LIMIT 1   [ RunTime:0.0002s ]
SQL: SELECT * FROM `yefan_module` WHERE ( module_id=377 ) LIMIT 1   [ RunTime:0.0002s ]
SQL: SELECT * FROM `yefan_module` WHERE ( module_id=387 ) LIMIT 1   [ RunTime:0.0002s ]
SQL: SELECT * FROM `yefan_module` WHERE ( module_id=388 ) LIMIT 1   [ RunTime:0.0002s ]
SQL: SELECT * FROM `yefan_module` WHERE ( module_id=389 ) LIMIT 1   [ RunTime:0.0002s ]
SQL: SELECT * FROM `yefan_module` WHERE ( module_id=390 ) LIMIT 1   [ RunTime:0.0002s ]
SQL: SELECT * FROM `yefan_module` WHERE ( module_id=391 ) LIMIT 1   [ RunTime:0.0001s ]
SQL: SELECT * FROM `yefan_module` WHERE ( module_id=392 ) LIMIT 1   [ RunTime:0.0002s ]
SQL: SELECT * FROM `yefan_module` WHERE ( module_id=393 ) LIMIT 1   [ RunTime:0.0001s ]
SQL: SELECT * FROM `yefan_module` WHERE ( module_id=395 ) LIMIT 1   [ RunTime:0.0005s ]
SQL: SELECT * FROM `yefan_module` WHERE ( module_id=398 ) LIMIT 1   [ RunTime:0.0007s ]
SQL: SELECT * FROM `yefan_module` WHERE ( module_id=399 ) LIMIT 1   [ RunTime:0.0003s ]
SQL: SELECT * FROM `yefan_module` WHERE ( module_id=400 ) LIMIT 1   [ RunTime:0.0003s ]
SQL: SELECT * FROM `yefan_module` WHERE ( module_id=485 ) LIMIT 1   [ RunTime:0.0003s ]
SQL: SELECT * FROM `yefan_module` WHERE ( module_id=901 ) LIMIT 1   [ RunTime:0.0004s ]
SQL: SHOW COLUMNS FROM `yefan_web_config` [ RunTime:0.0039s ]
SQL: SHOW COLUMNS FROM `yefan_web_config` [ RunTime:0.0008s ]
SQL: SELECT * FROM `yefan_web_config` LIMIT 1   [ RunTime:0.0003s ]
SQL: SHOW COLUMNS FROM `yefan_menu_group` [ RunTime:0.0032s ]
SQL: SHOW COLUMNS FROM `yefan_menu_group` [ RunTime:0.0008s ]
SQL: SELECT * FROM `yefan_menu_group` WHERE ( is_hidden=0 ) ORDER BY group_order desc  [ RunTime:0.0010s ]
SQL: SHOW COLUMNS FROM `yefan_admin_menu` [ RunTime:0.0033s ]
SQL: SHOW COLUMNS FROM `yefan_admin_menu` [ RunTime:0.0005s ]
SQL: SELECT * FROM `yefan_admin_menu` WHERE ( is_hidden=0 ) ORDER BY menu_order desc  [ RunTime:0.0004s ]
SQL: SELECT `admin_page` FROM `yefan_web_config` LIMIT 1   [ RunTime:0.0002s ]
SQL: SELECT `admin_page` FROM `yefan_web_config` LIMIT 1   [ RunTime:0.0002s ]
SQL: SHOW COLUMNS FROM `yefan_tasks_group` [ RunTime:0.0030s ]
SQL: SHOW COLUMNS FROM `yefan_tasks_group` [ RunTime:0.0006s ]
SQL: SELECT COUNT(*) AS tp_count FROM `yefan_tasks_group` LIMIT 1   [ RunTime:0.0008s ]
SQL: SELECT * FROM `yefan_tasks_group` LIMIT 0,10   [ RunTime:0.0005s ]
SQL: SHOW COLUMNS FROM `yefan_sys_log` [ RunTime:0.0044s ]
SQL: INSERT INTO `yefan_sys_log` (`admin_id`,`log_content`,`log_time`) VALUES ('46','Select Operation:任务管理查询成功','1507338062') [ RunTime:0.0030s ]
INFO: [ view_parse ] --START--
INFO: [ template_filter ] --START--
INFO: Run Behavior\ContentReplaceBehavior [ RunTime:0.000100s ]
INFO: [ template_filter ] --END-- [ RunTime:0.000181s ]
INFO: Run Behavior\ParseTemplateBehavior [ RunTime:0.013909s ]
INFO: [ view_parse ] --END-- [ RunTime:0.013989s ]
INFO: [ view_filter ] --START--
INFO: Run Behavior\WriteHtmlCacheBehavior [ RunTime:0.000908s ]
INFO: [ view_filter ] --END-- [ RunTime:0.000967s ]
INFO: [ app_end ] --START--
INFO: Run Behavior\ShowPageTraceBehavior [ RunTime:0.001047s ]
INFO: [ app_end ] --END-- [ RunTime:0.001123s ]

[ 2017-10-07T09:01:02+08:00 ] ::1 /admin.php/plugin/layui/layui.js
INFO: [ app_init ] --START--
INFO: Run Behavior\BuildLiteBehavior [ RunTime:0.000036s ]
INFO: [ app_init ] --END-- [ RunTime:0.000905s ]
INFO: [ app_begin ] --START--
INFO: Run Behavior\ReadHtmlCacheBehavior [ RunTime:0.001306s ]
INFO: Run Behavior\CheckLangBehavior [ RunTime:0.001999s ]
NOTIC: [8] Constant LANG_SET already defined D:\www\weiyuns\ThinkPHPFrame\Library\Behavior\CheckLangBehavior.class.php 第 55 行.
INFO: Run Behavior\CheckLangBehavior [ RunTime:0.000574s ]
INFO: [ app_begin ] --END-- [ RunTime:0.004150s ]
ERR: 无法加载控制器:Plugin

[ 2017-10-07T09:01:02+08:00 ] ::1 /admin.php/plugin/layui/layui.js
INFO: [ app_init ] --START--
INFO: Run Behavior\BuildLiteBehavior [ RunTime:0.000035s ]
INFO: [ app_init ] --END-- [ RunTime:0.000949s ]
INFO: [ app_begin ] --START--
INFO: Run Behavior\ReadHtmlCacheBehavior [ RunTime:0.001100s ]
INFO: Run Behavior\CheckLangBehavior [ RunTime:0.001399s ]
NOTIC: [8] Constant LANG_SET already defined D:\www\weiyuns\ThinkPHPFrame\Library\Behavior\CheckLangBehavior.class.php 第 55 行.
INFO: Run Behavior\CheckLangBehavior [ RunTime:0.000730s ]
INFO: [ app_begin ] --END-- [ RunTime:0.003497s ]
ERR: 无法加载控制器:Plugin

[ 2017-10-07T09:01:05+08:00 ] ::1 /admin.php/Navigation/deviceGrouping
INFO: [ app_init ] --START--
INFO: Run Behavior\BuildLiteBehavior [ RunTime:0.000018s ]
INFO: [ app_init ] --END-- [ RunTime:0.000562s ]
INFO: [ app_begin ] --START--
INFO: Run Behavior\ReadHtmlCacheBehavior [ RunTime:0.001317s ]
INFO: Run Behavior\CheckLangBehavior [ RunTime:0.001297s ]
NOTIC: [8] Constant LANG_SET already defined D:\www\weiyuns\ThinkPHPFrame\Library\Behavior\CheckLangBehavior.class.php 第 55 行.
INFO: Run Behavior\CheckLangBehavior [ RunTime:0.000309s ]
INFO: [ app_begin ] --END-- [ RunTime:0.003089s ]
SQL: SHOW COLUMNS FROM `yefan_admin_role` [ RunTime:0.0069s ]
SQL: SHOW COLUMNS FROM `yefan_admin_role` [ RunTime:0.0008s ]
SQL: SELECT * FROM `yefan_admin_role` WHERE ( admin_id=46 )  [ RunTime:0.0003s ]
SQL: SHOW COLUMNS FROM `yefan_role_module` [ RunTime:0.0036s ]
SQL: SHOW COLUMNS FROM `yefan_role_module` [ RunTime:0.0007s ]
SQL: SELECT * FROM `yefan_role_module` WHERE ( role_id=52 )  [ RunTime:0.0007s ]
SQL: SHOW COLUMNS FROM `yefan_module` [ RunTime:0.0061s ]
SQL: SHOW COLUMNS FROM `yefan_module` [ RunTime:0.0010s ]
SQL: SELECT * FROM `yefan_module` WHERE ( module_id=1 ) LIMIT 1   [ RunTime:0.0005s ]
SQL: SELECT * FROM `yefan_module` WHERE ( module_id=2 ) LIMIT 1   [ RunTime:0.0004s ]
SQL: SELECT * FROM `yefan_module` WHERE ( module_id=185 ) LIMIT 1   [ RunTime:0.0003s ]
SQL: SELECT * FROM `yefan_module` WHERE ( module_id=188 ) LIMIT 1   [ RunTime:0.0003s ]
SQL: SELECT * FROM `yefan_module` WHERE ( module_id=189 ) LIMIT 1   [ RunTime:0.0002s ]
SQL: SELECT * FROM `yefan_module` WHERE ( module_id=219 ) LIMIT 1   [ RunTime:0.0003s ]
SQL: SELECT * FROM `yefan_module` WHERE ( module_id=220 ) LIMIT 1   [ RunTime:0.0003s ]
SQL: SELECT * FROM `yefan_module` WHERE ( module_id=221 ) LIMIT 1   [ RunTime:0.0003s ]
SQL: SELECT * FROM `yefan_module` WHERE ( module_id=222 ) LIMIT 1   [ RunTime:0.0002s ]
SQL: SELECT * FROM `yefan_module` WHERE ( module_id=223 ) LIMIT 1   [ RunTime:0.0002s ]
SQL: SELECT * FROM `yefan_module` WHERE ( module_id=224 ) LIMIT 1   [ RunTime:0.0002s ]
SQL: SELECT * FROM `yefan_module` WHERE ( module_id=225 ) LIMIT 1   [ RunTime:0.0002s ]
SQL: SELECT * FROM `yefan_module` WHERE ( module_id=226 ) LIMIT 1   [ RunTime:0.0002s ]
SQL: SELECT * FROM `yefan_module` WHERE ( module_id=227 ) LIMIT 1   [ RunTime:0.0002s ]
SQL: SELECT * FROM `yefan_module` WHERE ( module_id=228 ) LIMIT 1   [ RunTime:0.0002s ]
SQL: SELECT * FROM `yefan_module` WHERE ( module_id=229 ) LIMIT 1   [ RunTime:0.0002s ]
SQL: SELECT * FROM `yefan_module` WHERE ( module_id=340 ) LIMIT 1   [ RunTime:0.0002s ]
SQL: SELECT * FROM `yefan_module` WHERE ( module_id=477 ) LIMIT 1   [ RunTime:0.0002s ]
SQL: SELECT * FROM `yefan_module` WHERE ( module_id=478 ) LIMIT 1   [ RunTime:0.0002s ]
SQL: SELECT * FROM `yefan_module` WHERE ( module_id=900 ) LIMIT 1   [ RunTime:0.0002s ]
SQL: SELECT * FROM `yefan_module` WHERE ( module_id=3 ) LIMIT 1   [ RunTime:0.0002s ]
SQL: SELECT * FROM `yefan_module` WHERE ( module_id=331 ) LIMIT 1   [ RunTime:0.0002s ]
SQL: SELECT * FROM `yefan_module` WHERE ( module_id=332 ) LIMIT 1   [ RunTime:0.0002s ]
SQL: SELECT * FROM `yefan_module` WHERE ( module_id=336 ) LIMIT 1   [ RunTime:0.0008s ]
SQL: SELECT * FROM `yefan_module` WHERE ( module_id=337 ) LIMIT 1   [ RunTime:0.0010s ]
SQL: SELECT * FROM `yefan_module` WHERE ( module_id=338 ) LIMIT 1   [ RunTime:0.0005s ]
SQL: SELECT * FROM `yefan_module` WHERE ( module_id=339 ) LIMIT 1   [ RunTime:0.0004s ]
SQL: SELECT * FROM `yefan_module` WHERE ( module_id=341 ) LIMIT 1   [ RunTime:0.0003s ]
SQL: SELECT * FROM `yefan_module` WHERE ( module_id=356 ) LIMIT 1   [ RunTime:0.0002s ]
SQL: SELECT * FROM `yefan_module` WHERE ( module_id=358 ) LIMIT 1   [ RunTime:0.0002s ]
SQL: SELECT * FROM `yefan_module` WHERE ( module_id=359 ) LIMIT 1   [ RunTime:0.0003s ]
SQL: SELECT * FROM `yefan_module` WHERE ( module_id=360 ) LIMIT 1   [ RunTime:0.0004s ]
SQL: SELECT * FROM `yefan_module` WHERE ( module_id=361 ) LIMIT 1   [ RunTime:0.0002s ]
SQL: SELECT * FROM `yefan_module` WHERE ( module_id=362 ) LIMIT 1   [ RunTime:0.0002s ]
SQL: SELECT * FROM `yefan_module` WHERE ( module_id=363 ) LIMIT 1   [ RunTime:0.0002s ]
SQL: SELECT * FROM `yefan_module` WHERE ( module_id=364 ) LIMIT 1   [ RunTime:0.0002s ]
SQL: SELECT * FROM `yefan_module` WHERE ( module_id=378 ) LIMIT 1   [ RunTime:0.0002s ]
SQL: SELECT * FROM `yefan_module` WHERE ( module_id=379 ) LIMIT 1   [ RunTime:0.0002s ]
SQL: SELECT * FROM `yefan_module` WHERE ( module_id=380 ) LIMIT 1   [ RunTime:0.0002s ]
SQL: SELECT * FROM `yefan_module` WHERE ( module_id=381 ) LIMIT 1   [ RunTime:0.0002s ]
SQL: SELECT * FROM `yefan_module` WHERE ( module_id=382 ) LIMIT 1   [ RunTime:0.0002s ]
SQL: SELECT * FROM `yefan_module` WHERE ( module_id=383 ) LIMIT 1   [ RunTime:0.0002s ]
SQL: SELECT * FROM `yefan_module` WHERE ( module_id=384 ) LIMIT 1   [ RunTime:0.0003s ]
SQL: SELECT * FROM `yefan_module` WHERE ( module_id=385 ) LIMIT 1   [ RunTime:0.0002s ]
SQL: SELECT * FROM `yefan_module` WHERE ( module_id=386 ) LIMIT 1   [ RunTime:0.0002s ]
SQL: SELECT * FROM `yefan_module` WHERE ( module_id=394 ) LIMIT 1   [ RunTime:0.0002s ]
SQL: SELECT * FROM `yefan_module` WHERE ( module_id=396 ) LIMIT 1   [ RunTime:0.0002s ]
SQL: SELECT * FROM `yefan_module` WHERE ( module_id=4 ) LIMIT 1   [ RunTime:0.0002s ]
SQL: SELECT * FROM `yefan_module` WHERE ( module_id=327 ) LIMIT 1   [ RunTime:0.0002s ]
SQL: SELECT * FROM `yefan_module` WHERE ( module_id=328 ) LIMIT 1   [ RunTime:0.0002s ]
SQL: SELECT * FROM `yefan_module` WHERE ( module_id=329 ) LIMIT 1   [ RunTime:0.0003s ]
SQL: SELECT * FROM `yefan_module` WHERE ( module_id=330 ) LIMIT 1   [ RunTime:0.0003s ]
SQL: SELECT * FROM `yefan_module` WHERE ( module_id=333 ) LIMIT 1   [ RunTime:0.0002s ]
SQL: SELECT * FROM `yefan_module` WHERE ( module_id=334 ) LIMIT 1   [ RunTime:0.0002s ]
SQL: SELECT * FROM `yefan_module` WHERE ( module_id=346 ) LIMIT 1   [ RunTime:0.0003s ]
SQL: SELECT * FROM `yefan_module` WHERE ( module_id=401 ) LIMIT 1   [ RunTime:0.0010s ]
SQL: SELECT * FROM `yefan_module` WHERE ( module_id=402 ) LIMIT 1   [ RunTime:0.0004s ]
SQL: SELECT * FROM `yefan_module` WHERE ( module_id=403 ) LIMIT 1   [ RunTime:0.0005s ]
SQL: SELECT * FROM `yefan_module` WHERE ( module_id=404 ) LIMIT 1   [ RunTime:0.0005s ]
SQL: SELECT * FROM `yefan_module` WHERE ( module_id=405 ) LIMIT 1   [ RunTime:0.0004s ]
SQL: SELECT * FROM `yefan_module` WHERE ( module_id=406 ) LIMIT 1   [ RunTime:0.0003s ]
SQL: SELECT * FROM `yefan_module` WHERE ( module_id=5 ) LIMIT 1   [ RunTime:0.0002s ]
SQL: SELECT * FROM `yefan_module` WHERE ( module_id=347 ) LIMIT 1   [ RunTime:0.0002s ]
SQL: SELECT * FROM `yefan_module` WHERE ( module_id=348 ) LIMIT 1   [ RunTime:0.0002s ]
SQL: SELECT * FROM `yefan_module` WHERE ( module_id=349 ) LIMIT 1   [ RunTime:0.0002s ]
SQL: SELECT * FROM `yefan_module` WHERE ( module_id=350 ) LIMIT 1   [ RunTime:0.0003s ]
SQL: SELECT * FROM `yefan_module` WHERE ( module_id=351 ) LIMIT 1   [ RunTime:0.0003s ]
SQL: SELECT * FROM `yefan_module` WHERE ( module_id=352 ) LIMIT 1   [ RunTime:0.0002s ]
SQL: SELECT * FROM `yefan_module` WHERE ( module_id=353 ) LIMIT 1   [ RunTime:0.0002s ]
SQL: SELECT * FROM `yefan_module` WHERE ( module_id=354 ) LIMIT 1   [ RunTime:0.0002s ]
SQL: SELECT * FROM `yefan_module` WHERE ( module_id=355 ) LIMIT 1   [ RunTime:0.0002s ]
SQL: SELECT * FROM `yefan_module` WHERE ( module_id=357 ) LIMIT 1   [ RunTime:0.0002s ]
SQL: SELECT * FROM `yefan_module` WHERE ( module_id=365 ) LIMIT 1   [ RunTime:0.0002s ]
SQL: SELECT * FROM `yefan_module` WHERE ( module_id=366 ) LIMIT 1   [ RunTime:0.0002s ]
SQL: SELECT * FROM `yefan_module` WHERE ( module_id=367 ) LIMIT 1   [ RunTime:0.0003s ]
SQL: SELECT * FROM `yefan_module` WHERE ( module_id=368 ) LIMIT 1   [ RunTime:0.0002s ]
SQL: SELECT * FROM `yefan_module` WHERE ( module_id=369 ) LIMIT 1   [ RunTime:0.0002s ]
SQL: SELECT * FROM `yefan_module` WHERE ( module_id=370 ) LIMIT 1   [ RunTime:0.0002s ]
SQL: SELECT * FROM `yefan_module` WHERE ( module_id=371 ) LIMIT 1   [ RunTime:0.0002s ]
SQL: SELECT * FROM `yefan_module` WHERE ( module_id=372 ) LIMIT 1   [ RunTime:0.0002s ]
SQL: SELECT * FROM `yefan_module` WHERE ( module_id=373 ) LIMIT 1   [ RunTime:0.0005s ]
SQL: SELECT * FROM `yefan_module` WHERE ( module_id=374 ) LIMIT 1   [ RunTime:0.0003s ]
SQL: SELECT * FROM `yefan_module` WHERE ( module_id=375 ) LIMIT 1   [ RunTime:0.0002s ]
SQL: SELECT * FROM `yefan_module` WHERE ( module_id=376 ) LIMIT 1   [ RunTime:0.0002s ]
SQL: SELECT * FROM `yefan_module` WHERE ( module_id=377 ) LIMIT 1   [ RunTime:0.0002s ]
SQL: SELECT * FROM `yefan_module` WHERE ( module_id=387 ) LIMIT 1   [ RunTime:0.0002s ]
SQL: SELECT * FROM `yefan_module` WHERE ( module_id=388 ) LIMIT 1   [ RunTime:0.0002s ]
SQL: SELECT * FROM `yefan_module` WHERE ( module_id=389 ) LIMIT 1   [ RunTime:0.0003s ]
SQL: SELECT * FROM `yefan_module` WHERE ( module_id=390 ) LIMIT 1   [ RunTime:0.0002s ]
SQL: SELECT * FROM `yefan_module` WHERE ( module_id=391 ) LIMIT 1   [ RunTime:0.0003s ]
SQL: SELECT * FROM `yefan_module` WHERE ( module_id=392 ) LIMIT 1   [ RunTime:0.0002s ]
SQL: SELECT * FROM `yefan_module` WHERE ( module_id=393 ) LIMIT 1   [ RunTime:0.0002s ]
SQL: SELECT * FROM `yefan_module` WHERE ( module_id=395 ) LIMIT 1   [ RunTime:0.0002s ]
SQL: SELECT * FROM `yefan_module` WHERE ( module_id=398 ) LIMIT 1   [ RunTime:0.0002s ]
SQL: SELECT * FROM `yefan_module` WHERE ( module_id=399 ) LIMIT 1   [ RunTime:0.0002s ]
SQL: SELECT * FROM `yefan_module` WHERE ( module_id=400 ) LIMIT 1   [ RunTime:0.0002s ]
SQL: SELECT * FROM `yefan_module` WHERE ( module_id=485 ) LIMIT 1   [ RunTime:0.0002s ]
SQL: SELECT * FROM `yefan_module` WHERE ( module_id=901 ) LIMIT 1   [ RunTime:0.0003s ]
SQL: SHOW COLUMNS FROM `yefan_web_config` [ RunTime:0.0057s ]
SQL: SHOW COLUMNS FROM `yefan_web_config` [ RunTime:0.0008s ]
SQL: SELECT * FROM `yefan_web_config` LIMIT 1   [ RunTime:0.0004s ]
SQL: SHOW COLUMNS FROM `yefan_menu_group` [ RunTime:0.0062s ]
SQL: SHOW COLUMNS FROM `yefan_menu_group` [ RunTime:0.0005s ]
SQL: SELECT * FROM `yefan_menu_group` WHERE ( is_hidden=0 ) ORDER BY group_order desc  [ RunTime:0.0004s ]
SQL: SHOW COLUMNS FROM `yefan_admin_menu` [ RunTime:0.0034s ]
SQL: SHOW COLUMNS FROM `yefan_admin_menu` [ RunTime:0.0005s ]
SQL: SELECT * FROM `yefan_admin_menu` WHERE ( is_hidden=0 ) ORDER BY menu_order desc  [ RunTime:0.0004s ]
SQL: SELECT `admin_page` FROM `yefan_web_config` LIMIT 1   [ RunTime:0.0002s ]
SQL: SELECT `admin_page` FROM `yefan_web_config` LIMIT 1   [ RunTime:0.0002s ]
SQL: SHOW COLUMNS FROM `yefan_tasks_group` [ RunTime:0.0028s ]
SQL: SHOW COLUMNS FROM `yefan_grouping` [ RunTime:0.0033s ]
SQL: SELECT * FROM `yefan_grouping` ORDER BY id ASC  [ RunTime:0.0005s ]
SQL: SHOW COLUMNS FROM `yefan_grouping` [ RunTime:0.0008s ]
SQL: SELECT COUNT(*) AS tp_count FROM `yefan_grouping` LIMIT 1   [ RunTime:0.0002s ]
SQL: SHOW COLUMNS FROM `yefan_grouping` [ RunTime:0.0009s ]
SQL: SELECT * FROM `yefan_grouping` LIMIT 0,10   [ RunTime:0.0003s ]
SQL: SHOW COLUMNS FROM `yefan_sys_log` [ RunTime:0.0077s ]
SQL: INSERT INTO `yefan_sys_log` (`admin_id`,`log_content`,`log_time`) VALUES ('46','Select Operation:任务管理查询成功','1507338065') [ RunTime:0.0030s ]
SQL: SHOW COLUMNS FROM `yefan_tasks` [ RunTime:0.0028s ]
INFO: [ view_parse ] --START--
INFO: [ template_filter ] --START--
INFO: Run Behavior\ContentReplaceBehavior [ RunTime:0.000117s ]
INFO: [ template_filter ] --END-- [ RunTime:0.000221s ]
NOTIC: [8] Undefined variable: v D:\www\weiyuns\AdminRuntime\Cache\Admin\8dbdd67b6fe110dee410f4a6cbdf6e9a.php 第 47 行.
NOTIC: [8] Undefined variable: v D:\www\weiyuns\AdminRuntime\Cache\Admin\8dbdd67b6fe110dee410f4a6cbdf6e9a.php 第 47 行.
NOTIC: [8] Undefined variable: v D:\www\weiyuns\AdminRuntime\Cache\Admin\8dbdd67b6fe110dee410f4a6cbdf6e9a.php 第 47 行.
NOTIC: [8] Undefined variable: v D:\www\weiyuns\AdminRuntime\Cache\Admin\8dbdd67b6fe110dee410f4a6cbdf6e9a.php 第 47 行.
NOTIC: [8] Undefined variable: v D:\www\weiyuns\AdminRuntime\Cache\Admin\8dbdd67b6fe110dee410f4a6cbdf6e9a.php 第 47 行.
NOTIC: [8] Undefined variable: v D:\www\weiyuns\AdminRuntime\Cache\Admin\8dbdd67b6fe110dee410f4a6cbdf6e9a.php 第 47 行.
NOTIC: [8] Undefined variable: v D:\www\weiyuns\AdminRuntime\Cache\Admin\8dbdd67b6fe110dee410f4a6cbdf6e9a.php 第 47 行.
NOTIC: [8] Undefined variable: v D:\www\weiyuns\AdminRuntime\Cache\Admin\8dbdd67b6fe110dee410f4a6cbdf6e9a.php 第 47 行.
NOTIC: [8] Undefined variable: v D:\www\weiyuns\AdminRuntime\Cache\Admin\8dbdd67b6fe110dee410f4a6cbdf6e9a.php 第 47 行.
NOTIC: [8] Undefined variable: v D:\www\weiyuns\AdminRuntime\Cache\Admin\8dbdd67b6fe110dee410f4a6cbdf6e9a.php 第 47 行.
NOTIC: [8] Undefined variable: v D:\www\weiyuns\AdminRuntime\Cache\Admin\8dbdd67b6fe110dee410f4a6cbdf6e9a.php 第 47 行.
NOTIC: [8] Undefined variable: v D:\www\weiyuns\AdminRuntime\Cache\Admin\8dbdd67b6fe110dee410f4a6cbdf6e9a.php 第 47 行.
INFO: Run Behavior\ParseTemplateBehavior [ RunTime:0.018121s ]
INFO: [ view_parse ] --END-- [ RunTime:0.018273s ]
INFO: [ view_filter ] --START--
INFO: Run Behavior\WriteHtmlCacheBehavior [ RunTime:0.004562s ]
INFO: [ view_filter ] --END-- [ RunTime:0.005810s ]
INFO: [ app_end ] --START--
INFO: Run Behavior\ShowPageTraceBehavior [ RunTime:0.002338s ]
INFO: [ app_end ] --END-- [ RunTime:0.002477s ]

[ 2017-10-07T09:01:05+08:00 ] ::1 /admin.php/Navigation/deviceGrouping
INFO: [ app_init ] --START--
INFO: Run Behavior\BuildLiteBehavior [ RunTime:0.000035s ]
INFO: [ app_init ] --END-- [ RunTime:0.001660s ]
INFO: [ app_begin ] --START--
INFO: Run Behavior\ReadHtmlCacheBehavior [ RunTime:0.002072s ]
INFO: Run Behavior\CheckLangBehavior [ RunTime:0.002316s ]
NOTIC: [8] Constant LANG_SET already defined D:\www\weiyuns\ThinkPHPFrame\Library\Behavior\CheckLangBehavior.class.php 第 55 行.
INFO: Run Behavior\CheckLangBehavior [ RunTime:0.000648s ]
INFO: [ app_begin ] --END-- [ RunTime:0.005345s ]
SQL: SHOW COLUMNS FROM `yefan_admin_role` [ RunTime:0.0069s ]
SQL: SHOW COLUMNS FROM `yefan_admin_role` [ RunTime:0.0018s ]
SQL: SELECT * FROM `yefan_admin_role` WHERE ( admin_id=46 )  [ RunTime:0.0006s ]
SQL: SHOW COLUMNS FROM `yefan_role_module` [ RunTime:0.0050s ]
SQL: SHOW COLUMNS FROM `yefan_role_module` [ RunTime:0.0008s ]
SQL: SELECT * FROM `yefan_role_module` WHERE ( role_id=52 )  [ RunTime:0.0010s ]
SQL: SHOW COLUMNS FROM `yefan_module` [ RunTime:0.0057s ]
SQL: SHOW COLUMNS FROM `yefan_module` [ RunTime:0.0011s ]
SQL: SELECT * FROM `yefan_module` WHERE ( module_id=1 ) LIMIT 1   [ RunTime:0.0005s ]
SQL: SELECT * FROM `yefan_module` WHERE ( module_id=2 ) LIMIT 1   [ RunTime:0.0004s ]
SQL: SELECT * FROM `yefan_module` WHERE ( module_id=185 ) LIMIT 1   [ RunTime:0.0004s ]
SQL: SELECT * FROM `yefan_module` WHERE ( module_id=188 ) LIMIT 1   [ RunTime:0.0004s ]
SQL: SELECT * FROM `yefan_module` WHERE ( module_id=189 ) LIMIT 1   [ RunTime:0.0004s ]
SQL: SELECT * FROM `yefan_module` WHERE ( module_id=219 ) LIMIT 1   [ RunTime:0.0004s ]
SQL: SELECT * FROM `yefan_module` WHERE ( module_id=220 ) LIMIT 1   [ RunTime:0.0013s ]
SQL: SELECT * FROM `yefan_module` WHERE ( module_id=221 ) LIMIT 1   [ RunTime:0.0012s ]
SQL: SELECT * FROM `yefan_module` WHERE ( module_id=222 ) LIMIT 1   [ RunTime:0.0008s ]
SQL: SELECT * FROM `yefan_module` WHERE ( module_id=223 ) LIMIT 1   [ RunTime:0.0016s ]
SQL: SELECT * FROM `yefan_module` WHERE ( module_id=224 ) LIMIT 1   [ RunTime:0.0006s ]
SQL: SELECT * FROM `yefan_module` WHERE ( module_id=225 ) LIMIT 1   [ RunTime:0.0004s ]
SQL: SELECT * FROM `yefan_module` WHERE ( module_id=226 ) LIMIT 1   [ RunTime:0.0004s ]
SQL: SELECT * FROM `yefan_module` WHERE ( module_id=227 ) LIMIT 1   [ RunTime:0.0004s ]
SQL: SELECT * FROM `yefan_module` WHERE ( module_id=228 ) LIMIT 1   [ RunTime:0.0004s ]
SQL: SELECT * FROM `yefan_module` WHERE ( module_id=229 ) LIMIT 1   [ RunTime:0.0003s ]
SQL: SELECT * FROM `yefan_module` WHERE ( module_id=340 ) LIMIT 1   [ RunTime:0.0003s ]
SQL: SELECT * FROM `yefan_module` WHERE ( module_id=477 ) LIMIT 1   [ RunTime:0.0003s ]
SQL: SELECT * FROM `yefan_module` WHERE ( module_id=478 ) LIMIT 1   [ RunTime:0.0004s ]
SQL: SELECT * FROM `yefan_module` WHERE ( module_id=900 ) LIMIT 1   [ RunTime:0.0004s ]
SQL: SELECT * FROM `yefan_module` WHERE ( module_id=3 ) LIMIT 1   [ RunTime:0.0004s ]
SQL: SELECT * FROM `yefan_module` WHERE ( module_id=331 ) LIMIT 1   [ RunTime:0.0006s ]
SQL: SELECT * FROM `yefan_module` WHERE ( module_id=332 ) LIMIT 1   [ RunTime:0.0008s ]
SQL: SELECT * FROM `yefan_module` WHERE ( module_id=336 ) LIMIT 1   [ RunTime:0.0004s ]
SQL: SELECT * FROM `yefan_module` WHERE ( module_id=337 ) LIMIT 1   [ RunTime:0.0005s ]
SQL: SELECT * FROM `yefan_module` WHERE ( module_id=338 ) LIMIT 1   [ RunTime:0.0005s ]
SQL: SELECT * FROM `yefan_module` WHERE ( module_id=339 ) LIMIT 1   [ RunTime:0.0011s ]
SQL: SELECT * FROM `yefan_module` WHERE ( module_id=341 ) LIMIT 1   [ RunTime:0.0010s ]
SQL: SELECT * FROM `yefan_module` WHERE ( module_id=356 ) LIMIT 1   [ RunTime:0.0009s ]
SQL: SELECT * FROM `yefan_module` WHERE ( module_id=358 ) LIMIT 1   [ RunTime:0.0015s ]
SQL: SELECT * FROM `yefan_module` WHERE ( module_id=359 ) LIMIT 1   [ RunTime:0.0007s ]
SQL: SELECT * FROM `yefan_module` WHERE ( module_id=360 ) LIMIT 1   [ RunTime:0.0005s ]
SQL: SELECT * FROM `yefan_module` WHERE ( module_id=361 ) LIMIT 1   [ RunTime:0.0004s ]
SQL: SELECT * FROM `yefan_module` WHERE ( module_id=362 ) LIMIT 1   [ RunTime:0.0004s ]
SQL: SELECT * FROM `yefan_module` WHERE ( module_id=363 ) LIMIT 1   [ RunTime:0.0004s ]
SQL: SELECT * FROM `yefan_module` WHERE ( module_id=364 ) LIMIT 1   [ RunTime:0.0009s ]
SQL: SELECT * FROM `yefan_module` WHERE ( module_id=378 ) LIMIT 1   [ RunTime:0.0014s ]
SQL: SELECT * FROM `yefan_module` WHERE ( module_id=379 ) LIMIT 1   [ RunTime:0.0005s ]
SQL: SELECT * FROM `yefan_module` WHERE ( module_id=380 ) LIMIT 1   [ RunTime:0.0004s ]
SQL: SELECT * FROM `yefan_module` WHERE ( module_id=381 ) LIMIT 1   [ RunTime:0.0003s ]
SQL: SELECT * FROM `yefan_module` WHERE ( module_id=382 ) LIMIT 1   [ RunTime:0.0003s ]
SQL: SELECT * FROM `yefan_module` WHERE ( module_id=383 ) LIMIT 1   [ RunTime:0.0002s ]
SQL: SELECT * FROM `yefan_module` WHERE ( module_id=384 ) LIMIT 1   [ RunTime:0.0003s ]
SQL: SELECT * FROM `yefan_module` WHERE ( module_id=385 ) LIMIT 1   [ RunTime:0.0003s ]
SQL: SELECT * FROM `yefan_module` WHERE ( module_id=386 ) LIMIT 1   [ RunTime:0.0003s ]
SQL: SELECT * FROM `yefan_module` WHERE ( module_id=394 ) LIMIT 1   [ RunTime:0.0003s ]
SQL: SELECT * FROM `yefan_module` WHERE ( module_id=396 ) LIMIT 1   [ RunTime:0.0003s ]
SQL: SELECT * FROM `yefan_module` WHERE ( module_id=4 ) LIMIT 1   [ RunTime:0.0003s ]
SQL: SELECT * FROM `yefan_module` WHERE ( module_id=327 ) LIMIT 1   [ RunTime:0.0004s ]
SQL: SELECT * FROM `yefan_module` WHERE ( module_id=328 ) LIMIT 1   [ RunTime:0.0003s ]
SQL: SELECT * FROM `yefan_module` WHERE ( module_id=329 ) LIMIT 1   [ RunTime:0.0003s ]
SQL: SELECT * FROM `yefan_module` WHERE ( module_id=330 ) LIMIT 1   [ RunTime:0.0003s ]
SQL: SELECT * FROM `yefan_module` WHERE ( module_id=333 ) LIMIT 1   [ RunTime:0.0003s ]
SQL: SELECT * FROM `yefan_module` WHERE ( module_id=334 ) LIMIT 1   [ RunTime:0.0003s ]
SQL: SELECT * FROM `yefan_module` WHERE ( module_id=346 ) LIMIT 1   [ RunTime:0.0003s ]
SQL: SELECT * FROM `yefan_module` WHERE ( module_id=401 ) LIMIT 1   [ RunTime:0.0003s ]
SQL: SELECT * FROM `yefan_module` WHERE ( module_id=402 ) LIMIT 1   [ RunTime:0.0003s ]
SQL: SELECT * FROM `yefan_module` WHERE ( module_id=403 ) LIMIT 1   [ RunTime:0.0016s ]
SQL: SELECT * FROM `yefan_module` WHERE ( module_id=404 ) LIMIT 1   [ RunTime:0.0006s ]
SQL: SELECT * FROM `yefan_module` WHERE ( module_id=405 ) LIMIT 1   [ RunTime:0.0004s ]
SQL: SELECT * FROM `yefan_module` WHERE ( module_id=406 ) LIMIT 1   [ RunTime:0.0005s ]
SQL: SELECT * FROM `yefan_module` WHERE ( module_id=5 ) LIMIT 1   [ RunTime:0.0003s ]
SQL: SELECT * FROM `yefan_module` WHERE ( module_id=347 ) LIMIT 1   [ RunTime:0.0004s ]
SQL: SELECT * FROM `yefan_module` WHERE ( module_id=348 ) LIMIT 1   [ RunTime:0.0003s ]
SQL: SELECT * FROM `yefan_module` WHERE ( module_id=349 ) LIMIT 1   [ RunTime:0.0003s ]
SQL: SELECT * FROM `yefan_module` WHERE ( module_id=350 ) LIMIT 1   [ RunTime:0.0003s ]
SQL: SELECT * FROM `yefan_module` WHERE ( module_id=351 ) LIMIT 1   [ RunTime:0.0003s ]
SQL: SELECT * FROM `yefan_module` WHERE ( module_id=352 ) LIMIT 1   [ RunTime:0.0003s ]
SQL: SELECT * FROM `yefan_module` WHERE ( module_id=353 ) LIMIT 1   [ RunTime:0.0003s ]
SQL: SELECT * FROM `yefan_module` WHERE ( module_id=354 ) LIMIT 1   [ RunTime:0.0003s ]
SQL: SELECT * FROM `yefan_module` WHERE ( module_id=355 ) LIMIT 1   [ RunTime:0.0003s ]
SQL: SELECT * FROM `yefan_module` WHERE ( module_id=357 ) LIMIT 1   [ RunTime:0.0003s ]
SQL: SELECT * FROM `yefan_module` WHERE ( module_id=365 ) LIMIT 1   [ RunTime:0.0003s ]
SQL: SELECT * FROM `yefan_module` WHERE ( module_id=366 ) LIMIT 1   [ RunTime:0.0003s ]
SQL: SELECT * FROM `yefan_module` WHERE ( module_id=367 ) LIMIT 1   [ RunTime:0.0003s ]
SQL: SELECT * FROM `yefan_module` WHERE ( module_id=368 ) LIMIT 1   [ RunTime:0.0003s ]
SQL: SELECT * FROM `yefan_module` WHERE ( module_id=369 ) LIMIT 1   [ RunTime:0.0003s ]
SQL: SELECT * FROM `yefan_module` WHERE ( module_id=370 ) LIMIT 1   [ RunTime:0.0003s ]
SQL: SELECT * FROM `yefan_module` WHERE ( module_id=371 ) LIMIT 1   [ RunTime:0.0003s ]
SQL: SELECT * FROM `yefan_module` WHERE ( module_id=372 ) LIMIT 1   [ RunTime:0.0013s ]
SQL: SELECT * FROM `yefan_module` WHERE ( module_id=373 ) LIMIT 1   [ RunTime:0.0007s ]
SQL: SELECT * FROM `yefan_module` WHERE ( module_id=374 ) LIMIT 1   [ RunTime:0.0003s ]
SQL: SELECT * FROM `yefan_module` WHERE ( module_id=375 ) LIMIT 1   [ RunTime:0.0004s ]
SQL: SELECT * FROM `yefan_module` WHERE ( module_id=376 ) LIMIT 1   [ RunTime:0.0003s ]
SQL: SELECT * FROM `yefan_module` WHERE ( module_id=377 ) LIMIT 1   [ RunTime:0.0003s ]
SQL: SELECT * FROM `yefan_module` WHERE ( module_id=387 ) LIMIT 1   [ RunTime:0.0003s ]
SQL: SELECT * FROM `yefan_module` WHERE ( module_id=388 ) LIMIT 1   [ RunTime:0.0003s ]
SQL: SELECT * FROM `yefan_module` WHERE ( module_id=389 ) LIMIT 1   [ RunTime:0.0003s ]
SQL: SELECT * FROM `yefan_module` WHERE ( module_id=390 ) LIMIT 1   [ RunTime:0.0003s ]
SQL: SELECT * FROM `yefan_module` WHERE ( module_id=391 ) LIMIT 1   [ RunTime:0.0003s ]
SQL: SELECT * FROM `yefan_module` WHERE ( module_id=392 ) LIMIT 1   [ RunTime:0.0003s ]
SQL: SELECT * FROM `yefan_module` WHERE ( module_id=393 ) LIMIT 1   [ RunTime:0.0003s ]
SQL: SELECT * FROM `yefan_module` WHERE ( module_id=395 ) LIMIT 1   [ RunTime:0.0003s ]
SQL: SELECT * FROM `yefan_module` WHERE ( module_id=398 ) LIMIT 1   [ RunTime:0.0003s ]
SQL: SELECT * FROM `yefan_module` WHERE ( module_id=399 ) LIMIT 1   [ RunTime:0.0003s ]
SQL: SELECT * FROM `yefan_module` WHERE ( module_id=400 ) LIMIT 1   [ RunTime:0.0003s ]
SQL: SELECT * FROM `yefan_module` WHERE ( module_id=485 ) LIMIT 1   [ RunTime:0.0003s ]
SQL: SELECT * FROM `yefan_module` WHERE ( module_id=901 ) LIMIT 1   [ RunTime:0.0003s ]
SQL: SHOW COLUMNS FROM `yefan_web_config` [ RunTime:0.0055s ]
SQL: SHOW COLUMNS FROM `yefan_web_config` [ RunTime:0.0015s ]
SQL: SELECT * FROM `yefan_web_config` LIMIT 1   [ RunTime:0.0007s ]
SQL: SHOW COLUMNS FROM `yefan_menu_group` [ RunTime:0.0047s ]
SQL: SHOW COLUMNS FROM `yefan_menu_group` [ RunTime:0.0007s ]
SQL: SELECT * FROM `yefan_menu_group` WHERE ( is_hidden=0 ) ORDER BY group_order desc  [ RunTime:0.0006s ]
SQL: SHOW COLUMNS FROM `yefan_admin_menu` [ RunTime:0.0048s ]
SQL: SHOW COLUMNS FROM `yefan_admin_menu` [ RunTime:0.0009s ]
SQL: SELECT * FROM `yefan_admin_menu` WHERE ( is_hidden=0 ) ORDER BY menu_order desc  [ RunTime:0.0010s ]
SQL: SELECT `admin_page` FROM `yefan_web_config` LIMIT 1   [ RunTime:0.0005s ]
SQL: SELECT `admin_page` FROM `yefan_web_config` LIMIT 1   [ RunTime:0.0003s ]
SQL: SHOW COLUMNS FROM `yefan_tasks_group` [ RunTime:0.0019s ]
SQL: SHOW COLUMNS FROM `yefan_grouping` [ RunTime:0.0019s ]
SQL: SELECT * FROM `yefan_grouping` ORDER BY id ASC  [ RunTime:0.0005s ]
SQL: SHOW COLUMNS FROM `yefan_grouping` [ RunTime:0.0008s ]
SQL: SELECT COUNT(*) AS tp_count FROM `yefan_grouping` LIMIT 1   [ RunTime:0.0003s ]
SQL: SHOW COLUMNS FROM `yefan_grouping` [ RunTime:0.0008s ]
SQL: SELECT * FROM `yefan_grouping` LIMIT 0,10   [ RunTime:0.0004s ]
SQL: SHOW COLUMNS FROM `yefan_sys_log` [ RunTime:0.0044s ]
SQL: INSERT INTO `yefan_sys_log` (`admin_id`,`log_content`,`log_time`) VALUES ('46','Select Operation:任务管理查询成功','1507338065') [ RunTime:0.0023s ]
SQL: SHOW COLUMNS FROM `yefan_tasks` [ RunTime:0.0017s ]
INFO: [ view_parse ] --START--
INFO: [ template_filter ] --START--
INFO: Run Behavior\ContentReplaceBehavior [ RunTime:0.000152s ]
INFO: [ template_filter ] --END-- [ RunTime:0.000313s ]
NOTIC: [8] Undefined variable: v D:\www\weiyuns\AdminRuntime\Cache\Admin\8dbdd67b6fe110dee410f4a6cbdf6e9a.php 第 47 行.
NOTIC: [8] Undefined variable: v D:\www\weiyuns\AdminRuntime\Cache\Admin\8dbdd67b6fe110dee410f4a6cbdf6e9a.php 第 47 行.
NOTIC: [8] Undefined variable: v D:\www\weiyuns\AdminRuntime\Cache\Admin\8dbdd67b6fe110dee410f4a6cbdf6e9a.php 第 47 行.
NOTIC: [8] Undefined variable: v D:\www\weiyuns\AdminRuntime\Cache\Admin\8dbdd67b6fe110dee410f4a6cbdf6e9a.php 第 47 行.
NOTIC: [8] Undefined variable: v D:\www\weiyuns\AdminRuntime\Cache\Admin\8dbdd67b6fe110dee410f4a6cbdf6e9a.php 第 47 行.
NOTIC: [8] Undefined variable: v D:\www\weiyuns\AdminRuntime\Cache\Admin\8dbdd67b6fe110dee410f4a6cbdf6e9a.php 第 47 行.
NOTIC: [8] Undefined variable: v D:\www\weiyuns\AdminRuntime\Cache\Admin\8dbdd67b6fe110dee410f4a6cbdf6e9a.php 第 47 行.
NOTIC: [8] Undefined variable: v D:\www\weiyuns\AdminRuntime\Cache\Admin\8dbdd67b6fe110dee410f4a6cbdf6e9a.php 第 47 行.
NOTIC: [8] Undefined variable: v D:\www\weiyuns\AdminRuntime\Cache\Admin\8dbdd67b6fe110dee410f4a6cbdf6e9a.php 第 47 行.
NOTIC: [8] Undefined variable: v D:\www\weiyuns\AdminRuntime\Cache\Admin\8dbdd67b6fe110dee410f4a6cbdf6e9a.php 第 47 行.
NOTIC: [8] Undefined variable: v D:\www\weiyuns\AdminRuntime\Cache\Admin\8dbdd67b6fe110dee410f4a6cbdf6e9a.php 第 47 行.
NOTIC: [8] Undefined variable: v D:\www\weiyuns\AdminRuntime\Cache\Admin\8dbdd67b6fe110dee410f4a6cbdf6e9a.php 第 47 行.
INFO: Run Behavior\ParseTemplateBehavior [ RunTime:0.019756s ]
INFO: [ view_parse ] --END-- [ RunTime:0.019908s ]
INFO: [ view_filter ] --START--
INFO: Run Behavior\WriteHtmlCacheBehavior [ RunTime:0.002218s ]
INFO: [ view_filter ] --END-- [ RunTime:0.002364s ]
INFO: [ app_end ] --START--
INFO: Run Behavior\ShowPageTraceBehavior [ RunTime:0.006077s ]
INFO: [ app_end ] --END-- [ RunTime:0.006348s ]

[ 2017-10-07T09:01:05+08:00 ] ::1 /admin.php/plugin/layui/layui.js
INFO: [ app_init ] --START--
INFO: Run Behavior\BuildLiteBehavior [ RunTime:0.000030s ]
INFO: [ app_init ] --END-- [ RunTime:0.009128s ]
INFO: [ app_begin ] --START--
INFO: Run Behavior\ReadHtmlCacheBehavior [ RunTime:0.019687s ]
INFO: Run Behavior\CheckLangBehavior [ RunTime:0.005152s ]
NOTIC: [8] Constant LANG_SET already defined D:\www\weiyuns\ThinkPHPFrame\Library\Behavior\CheckLangBehavior.class.php 第 55 行.
INFO: Run Behavior\CheckLangBehavior [ RunTime:0.003850s ]
INFO: [ app_begin ] --END-- [ RunTime:0.029036s ]
ERR: 无法加载控制器:Plugin

[ 2017-10-07T09:01:05+08:00 ] ::1 /admin.php/Navigation/deviceGrouping
INFO: [ app_init ] --START--
INFO: Run Behavior\BuildLiteBehavior [ RunTime:0.000021s ]
INFO: [ app_init ] --END-- [ RunTime:0.000811s ]
INFO: [ app_begin ] --START--
INFO: Run Behavior\ReadHtmlCacheBehavior [ RunTime:0.001062s ]
INFO: Run Behavior\CheckLangBehavior [ RunTime:0.001224s ]
NOTIC: [8] Constant LANG_SET already defined D:\www\weiyuns\ThinkPHPFrame\Library\Behavior\CheckLangBehavior.class.php 第 55 行.
INFO: Run Behavior\CheckLangBehavior [ RunTime:0.000354s ]
INFO: [ app_begin ] --END-- [ RunTime:0.002866s ]
SQL: SHOW COLUMNS FROM `yefan_admin_role` [ RunTime:0.0057s ]
SQL: SHOW COLUMNS FROM `yefan_admin_role` [ RunTime:0.0012s ]
SQL: SELECT * FROM `yefan_admin_role` WHERE ( admin_id=46 )  [ RunTime:0.0008s ]
SQL: SHOW COLUMNS FROM `yefan_role_module` [ RunTime:0.0071s ]
SQL: SHOW COLUMNS FROM `yefan_role_module` [ RunTime:0.0009s ]
SQL: SELECT * FROM `yefan_role_module` WHERE ( role_id=52 )  [ RunTime:0.0012s ]
SQL: SHOW COLUMNS FROM `yefan_module` [ RunTime:0.0056s ]
SQL: SHOW COLUMNS FROM `yefan_module` [ RunTime:0.0007s ]
SQL: SELECT * FROM `yefan_module` WHERE ( module_id=1 ) LIMIT 1   [ RunTime:0.0007s ]
SQL: SELECT * FROM `yefan_module` WHERE ( module_id=2 ) LIMIT 1   [ RunTime:0.0004s ]
SQL: SELECT * FROM `yefan_module` WHERE ( module_id=185 ) LIMIT 1   [ RunTime:0.0003s ]
SQL: SELECT * FROM `yefan_module` WHERE ( module_id=188 ) LIMIT 1   [ RunTime:0.0003s ]
SQL: SELECT * FROM `yefan_module` WHERE ( module_id=189 ) LIMIT 1   [ RunTime:0.0003s ]
SQL: SELECT * FROM `yefan_module` WHERE ( module_id=219 ) LIMIT 1   [ RunTime:0.0003s ]
SQL: SELECT * FROM `yefan_module` WHERE ( module_id=220 ) LIMIT 1   [ RunTime:0.0003s ]
SQL: SELECT * FROM `yefan_module` WHERE ( module_id=221 ) LIMIT 1   [ RunTime:0.0003s ]
SQL: SELECT * FROM `yefan_module` WHERE ( module_id=222 ) LIMIT 1   [ RunTime:0.0003s ]
SQL: SELECT * FROM `yefan_module` WHERE ( module_id=223 ) LIMIT 1   [ RunTime:0.0003s ]
SQL: SELECT * FROM `yefan_module` WHERE ( module_id=224 ) LIMIT 1   [ RunTime:0.0003s ]
SQL: SELECT * FROM `yefan_module` WHERE ( module_id=225 ) LIMIT 1   [ RunTime:0.0003s ]
SQL: SELECT * FROM `yefan_module` WHERE ( module_id=226 ) LIMIT 1   [ RunTime:0.0003s ]
SQL: SELECT * FROM `yefan_module` WHERE ( module_id=227 ) LIMIT 1   [ RunTime:0.0003s ]
SQL: SELECT * FROM `yefan_module` WHERE ( module_id=228 ) LIMIT 1   [ RunTime:0.0003s ]
SQL: SELECT * FROM `yefan_module` WHERE ( module_id=229 ) LIMIT 1   [ RunTime:0.0004s ]
SQL: SELECT * FROM `yefan_module` WHERE ( module_id=340 ) LIMIT 1   [ RunTime:0.0004s ]
SQL: SELECT * FROM `yefan_module` WHERE ( module_id=477 ) LIMIT 1   [ RunTime:0.0003s ]
SQL: SELECT * FROM `yefan_module` WHERE ( module_id=478 ) LIMIT 1   [ RunTime:0.0002s ]
SQL: SELECT * FROM `yefan_module` WHERE ( module_id=900 ) LIMIT 1   [ RunTime:0.0002s ]
SQL: SELECT * FROM `yefan_module` WHERE ( module_id=3 ) LIMIT 1   [ RunTime:0.0002s ]
SQL: SELECT * FROM `yefan_module` WHERE ( module_id=331 ) LIMIT 1   [ RunTime:0.0003s ]
SQL: SELECT * FROM `yefan_module` WHERE ( module_id=332 ) LIMIT 1   [ RunTime:0.0003s ]
SQL: SELECT * FROM `yefan_module` WHERE ( module_id=336 ) LIMIT 1   [ RunTime:0.0004s ]
SQL: SELECT * FROM `yefan_module` WHERE ( module_id=337 ) LIMIT 1   [ RunTime:0.0003s ]
SQL: SELECT * FROM `yefan_module` WHERE ( module_id=338 ) LIMIT 1   [ RunTime:0.0007s ]
SQL: SELECT * FROM `yefan_module` WHERE ( module_id=339 ) LIMIT 1   [ RunTime:0.0003s ]
SQL: SELECT * FROM `yefan_module` WHERE ( module_id=341 ) LIMIT 1   [ RunTime:0.0003s ]
SQL: SELECT * FROM `yefan_module` WHERE ( module_id=356 ) LIMIT 1   [ RunTime:0.0003s ]
SQL: SELECT * FROM `yefan_module` WHERE ( module_id=358 ) LIMIT 1   [ RunTime:0.0003s ]
SQL: SELECT * FROM `yefan_module` WHERE ( module_id=359 ) LIMIT 1   [ RunTime:0.0003s ]
SQL: SELECT * FROM `yefan_module` WHERE ( module_id=360 ) LIMIT 1   [ RunTime:0.0004s ]
SQL: SELECT * FROM `yefan_module` WHERE ( module_id=361 ) LIMIT 1   [ RunTime:0.0003s ]
SQL: SELECT * FROM `yefan_module` WHERE ( module_id=362 ) LIMIT 1   [ RunTime:0.0002s ]
SQL: SELECT * FROM `yefan_module` WHERE ( module_id=363 ) LIMIT 1   [ RunTime:0.0002s ]
SQL: SELECT * FROM `yefan_module` WHERE ( module_id=364 ) LIMIT 1   [ RunTime:0.0002s ]
SQL: SELECT * FROM `yefan_module` WHERE ( module_id=378 ) LIMIT 1   [ RunTime:0.0002s ]
SQL: SELECT * FROM `yefan_module` WHERE ( module_id=379 ) LIMIT 1   [ RunTime:0.0002s ]
SQL: SELECT * FROM `yefan_module` WHERE ( module_id=380 ) LIMIT 1   [ RunTime:0.0003s ]
SQL: SELECT * FROM `yefan_module` WHERE ( module_id=381 ) LIMIT 1   [ RunTime:0.0003s ]
SQL: SELECT * FROM `yefan_module` WHERE ( module_id=382 ) LIMIT 1   [ RunTime:0.0003s ]
SQL: SELECT * FROM `yefan_module` WHERE ( module_id=383 ) LIMIT 1   [ RunTime:0.0002s ]
SQL: SELECT * FROM `yefan_module` WHERE ( module_id=384 ) LIMIT 1   [ RunTime:0.0002s ]
SQL: SELECT * FROM `yefan_module` WHERE ( module_id=385 ) LIMIT 1   [ RunTime:0.0003s ]
SQL: SELECT * FROM `yefan_module` WHERE ( module_id=386 ) LIMIT 1   [ RunTime:0.0003s ]
SQL: SELECT * FROM `yefan_module` WHERE ( module_id=394 ) LIMIT 1   [ RunTime:0.0007s ]
SQL: SELECT * FROM `yefan_module` WHERE ( module_id=396 ) LIMIT 1   [ RunTime:0.0005s ]
SQL: SELECT * FROM `yefan_module` WHERE ( module_id=4 ) LIMIT 1   [ RunTime:0.0003s ]
SQL: SELECT * FROM `yefan_module` WHERE ( module_id=327 ) LIMIT 1   [ RunTime:0.0003s ]
SQL: SELECT * FROM `yefan_module` WHERE ( module_id=328 ) LIMIT 1   [ RunTime:0.0002s ]
SQL: SELECT * FROM `yefan_module` WHERE ( module_id=329 ) LIMIT 1   [ RunTime:0.0002s ]
SQL: SELECT * FROM `yefan_module` WHERE ( module_id=330 ) LIMIT 1   [ RunTime:0.0002s ]
SQL: SELECT * FROM `yefan_module` WHERE ( module_id=333 ) LIMIT 1   [ RunTime:0.0003s ]
SQL: SELECT * FROM `yefan_module` WHERE ( module_id=334 ) LIMIT 1   [ RunTime:0.0003s ]
SQL: SELECT * FROM `yefan_module` WHERE ( module_id=346 ) LIMIT 1   [ RunTime:0.0002s ]
SQL: SELECT * FROM `yefan_module` WHERE ( module_id=401 ) LIMIT 1   [ RunTime:0.0002s ]
SQL: SELECT * FROM `yefan_module` WHERE ( module_id=402 ) LIMIT 1   [ RunTime:0.0002s ]
SQL: SELECT * FROM `yefan_module` WHERE ( module_id=403 ) LIMIT 1   [ RunTime:0.0002s ]
SQL: SELECT * FROM `yefan_module` WHERE ( module_id=404 ) LIMIT 1   [ RunTime:0.0002s ]
SQL: SELECT * FROM `yefan_module` WHERE ( module_id=405 ) LIMIT 1   [ RunTime:0.0002s ]
SQL: SELECT * FROM `yefan_module` WHERE ( module_id=406 ) LIMIT 1   [ RunTime:0.0002s ]
SQL: SELECT * FROM `yefan_module` WHERE ( module_id=5 ) LIMIT 1   [ RunTime:0.0002s ]
SQL: SELECT * FROM `yefan_module` WHERE ( module_id=347 ) LIMIT 1   [ RunTime:0.0002s ]
SQL: SELECT * FROM `yefan_module` WHERE ( module_id=348 ) LIMIT 1   [ RunTime:0.0002s ]
SQL: SELECT * FROM `yefan_module` WHERE ( module_id=349 ) LIMIT 1   [ RunTime:0.0002s ]
SQL: SELECT * FROM `yefan_module` WHERE ( module_id=350 ) LIMIT 1   [ RunTime:0.0002s ]
SQL: SELECT * FROM `yefan_module` WHERE ( module_id=351 ) LIMIT 1   [ RunTime:0.0002s ]
SQL: SELECT * FROM `yefan_module` WHERE ( module_id=352 ) LIMIT 1   [ RunTime:0.0002s ]
SQL: SELECT * FROM `yefan_module` WHERE ( module_id=353 ) LIMIT 1   [ RunTime:0.0002s ]
SQL: SELECT * FROM `yefan_module` WHERE ( module_id=354 ) LIMIT 1   [ RunTime:0.0002s ]
SQL: SELECT * FROM `yefan_module` WHERE ( module_id=355 ) LIMIT 1   [ RunTime:0.0002s ]
SQL: SELECT * FROM `yefan_module` WHERE ( module_id=357 ) LIMIT 1   [ RunTime:0.0002s ]
SQL: SELECT * FROM `yefan_module` WHERE ( module_id=365 ) LIMIT 1   [ RunTime:0.0002s ]
SQL: SELECT * FROM `yefan_module` WHERE ( module_id=366 ) LIMIT 1   [ RunTime:0.0002s ]
SQL: SELECT * FROM `yefan_module` WHERE ( module_id=367 ) LIMIT 1   [ RunTime:0.0002s ]
SQL: SELECT * FROM `yefan_module` WHERE ( module_id=368 ) LIMIT 1   [ RunTime:0.0002s ]
SQL: SELECT * FROM `yefan_module` WHERE ( module_id=369 ) LIMIT 1   [ RunTime:0.0002s ]
SQL: SELECT * FROM `yefan_module` WHERE ( module_id=370 ) LIMIT 1   [ RunTime:0.0002s ]
SQL: SELECT * FROM `yefan_module` WHERE ( module_id=371 ) LIMIT 1   [ RunTime:0.0002s ]
SQL: SELECT * FROM `yefan_module` WHERE ( module_id=372 ) LIMIT 1   [ RunTime:0.0002s ]
SQL: SELECT * FROM `yefan_module` WHERE ( module_id=373 ) LIMIT 1   [ RunTime:0.0002s ]
SQL: SELECT * FROM `yefan_module` WHERE ( module_id=374 ) LIMIT 1   [ RunTime:0.0002s ]
SQL: SELECT * FROM `yefan_module` WHERE ( module_id=375 ) LIMIT 1   [ RunTime:0.0002s ]
SQL: SELECT * FROM `yefan_module` WHERE ( module_id=376 ) LIMIT 1   [ RunTime:0.0002s ]
SQL: SELECT * FROM `yefan_module` WHERE ( module_id=377 ) LIMIT 1   [ RunTime:0.0002s ]
SQL: SELECT * FROM `yefan_module` WHERE ( module_id=387 ) LIMIT 1   [ RunTime:0.0002s ]
SQL: SELECT * FROM `yefan_module` WHERE ( module_id=388 ) LIMIT 1   [ RunTime:0.0002s ]
SQL: SELECT * FROM `yefan_module` WHERE ( module_id=389 ) LIMIT 1   [ RunTime:0.0003s ]
SQL: SELECT * FROM `yefan_module` WHERE ( module_id=390 ) LIMIT 1   [ RunTime:0.0002s ]
SQL: SELECT * FROM `yefan_module` WHERE ( module_id=391 ) LIMIT 1   [ RunTime:0.0002s ]
SQL: SELECT * FROM `yefan_module` WHERE ( module_id=392 ) LIMIT 1   [ RunTime:0.0002s ]
SQL: SELECT * FROM `yefan_module` WHERE ( module_id=393 ) LIMIT 1   [ RunTime:0.0002s ]
SQL: SELECT * FROM `yefan_module` WHERE ( module_id=395 ) LIMIT 1   [ RunTime:0.0003s ]
SQL: SELECT * FROM `yefan_module` WHERE ( module_id=398 ) LIMIT 1   [ RunTime:0.0002s ]
SQL: SELECT * FROM `yefan_module` WHERE ( module_id=399 ) LIMIT 1   [ RunTime:0.0003s ]
SQL: SELECT * FROM `yefan_module` WHERE ( module_id=400 ) LIMIT 1   [ RunTime:0.0002s ]
SQL: SELECT * FROM `yefan_module` WHERE ( module_id=485 ) LIMIT 1   [ RunTime:0.0002s ]
SQL: SELECT * FROM `yefan_module` WHERE ( module_id=901 ) LIMIT 1   [ RunTime:0.0003s ]
SQL: SHOW COLUMNS FROM `yefan_web_config` [ RunTime:0.0035s ]
SQL: SHOW COLUMNS FROM `yefan_web_config` [ RunTime:0.0009s ]
SQL: SELECT * FROM `yefan_web_config` LIMIT 1   [ RunTime:0.0004s ]
SQL: SHOW COLUMNS FROM `yefan_menu_group` [ RunTime:0.0046s ]
SQL: SHOW COLUMNS FROM `yefan_menu_group` [ RunTime:0.0010s ]
SQL: SELECT * FROM `yefan_menu_group` WHERE ( is_hidden=0 ) ORDER BY group_order desc  [ RunTime:0.0007s ]
SQL: SHOW COLUMNS FROM `yefan_admin_menu` [ RunTime:0.0052s ]
SQL: SHOW COLUMNS FROM `yefan_admin_menu` [ RunTime:0.0009s ]
SQL: SELECT * FROM `yefan_admin_menu` WHERE ( is_hidden=0 ) ORDER BY menu_order desc  [ RunTime:0.0013s ]
SQL: SELECT `admin_page` FROM `yefan_web_config` LIMIT 1   [ RunTime:0.0003s ]
SQL: SELECT `admin_page` FROM `yefan_web_config` LIMIT 1   [ RunTime:0.0002s ]
SQL: SHOW COLUMNS FROM `yefan_tasks_group` [ RunTime:0.0013s ]
SQL: SHOW COLUMNS FROM `yefan_grouping` [ RunTime:0.0016s ]
SQL: SELECT * FROM `yefan_grouping` ORDER BY id ASC  [ RunTime:0.0004s ]
SQL: SHOW COLUMNS FROM `yefan_grouping` [ RunTime:0.0007s ]
SQL: SELECT COUNT(*) AS tp_count FROM `yefan_grouping` LIMIT 1   [ RunTime:0.0002s ]
SQL: SHOW COLUMNS FROM `yefan_grouping` [ RunTime:0.0006s ]
SQL: SELECT * FROM `yefan_grouping` LIMIT 0,10   [ RunTime:0.0003s ]
SQL: SHOW COLUMNS FROM `yefan_sys_log` [ RunTime:0.0045s ]
SQL: INSERT INTO `yefan_sys_log` (`admin_id`,`log_content`,`log_time`) VALUES ('46','Select Operation:任务管理查询成功','1507338065') [ RunTime:0.0029s ]
SQL: SHOW COLUMNS FROM `yefan_tasks` [ RunTime:0.0015s ]
INFO: [ view_parse ] --START--
INFO: [ template_filter ] --START--
INFO: Run Behavior\ContentReplaceBehavior [ RunTime:0.000093s ]
INFO: [ template_filter ] --END-- [ RunTime:0.000168s ]
NOTIC: [8] Undefined variable: v D:\www\weiyuns\AdminRuntime\Cache\Admin\8dbdd67b6fe110dee410f4a6cbdf6e9a.php 第 47 行.
NOTIC: [8] Undefined variable: v D:\www\weiyuns\AdminRuntime\Cache\Admin\8dbdd67b6fe110dee410f4a6cbdf6e9a.php 第 47 行.
NOTIC: [8] Undefined variable: v D:\www\weiyuns\AdminRuntime\Cache\Admin\8dbdd67b6fe110dee410f4a6cbdf6e9a.php 第 47 行.
NOTIC: [8] Undefined variable: v D:\www\weiyuns\AdminRuntime\Cache\Admin\8dbdd67b6fe110dee410f4a6cbdf6e9a.php 第 47 行.
NOTIC: [8] Undefined variable: v D:\www\weiyuns\AdminRuntime\Cache\Admin\8dbdd67b6fe110dee410f4a6cbdf6e9a.php 第 47 行.
NOTIC: [8] Undefined variable: v D:\www\weiyuns\AdminRuntime\Cache\Admin\8dbdd67b6fe110dee410f4a6cbdf6e9a.php 第 47 行.
NOTIC: [8] Undefined variable: v D:\www\weiyuns\AdminRuntime\Cache\Admin\8dbdd67b6fe110dee410f4a6cbdf6e9a.php 第 47 行.
NOTIC: [8] Undefined variable: v D:\www\weiyuns\AdminRuntime\Cache\Admin\8dbdd67b6fe110dee410f4a6cbdf6e9a.php 第 47 行.
NOTIC: [8] Undefined variable: v D:\www\weiyuns\AdminRuntime\Cache\Admin\8dbdd67b6fe110dee410f4a6cbdf6e9a.php 第 47 行.
NOTIC: [8] Undefined variable: v D:\www\weiyuns\AdminRuntime\Cache\Admin\8dbdd67b6fe110dee410f4a6cbdf6e9a.php 第 47 行.
NOTIC: [8] Undefined variable: v D:\www\weiyuns\AdminRuntime\Cache\Admin\8dbdd67b6fe110dee410f4a6cbdf6e9a.php 第 47 行.
NOTIC: [8] Undefined variable: v D:\www\weiyuns\AdminRuntime\Cache\Admin\8dbdd67b6fe110dee410f4a6cbdf6e9a.php 第 47 行.
INFO: Run Behavior\ParseTemplateBehavior [ RunTime:0.013536s ]
INFO: [ view_parse ] --END-- [ RunTime:0.013629s ]
INFO: [ view_filter ] --START--
INFO: Run Behavior\WriteHtmlCacheBehavior [ RunTime:0.000912s ]
INFO: [ view_filter ] --END-- [ RunTime:0.000992s ]
INFO: [ app_end ] --START--
INFO: Run Behavior\ShowPageTraceBehavior [ RunTime:0.001496s ]
INFO: [ app_end ] --END-- [ RunTime:0.001627s ]

[ 2017-10-07T09:01:05+08:00 ] ::1 /admin.php/plugin/layui/layui.js
INFO: [ app_init ] --START--
INFO: Run Behavior\BuildLiteBehavior [ RunTime:0.000024s ]
INFO: [ app_init ] --END-- [ RunTime:0.000897s ]
INFO: [ app_begin ] --START--
INFO: Run Behavior\ReadHtmlCacheBehavior [ RunTime:0.001557s ]
INFO: Run Behavior\CheckLangBehavior [ RunTime:0.003282s ]
NOTIC: [8] Constant LANG_SET already defined D:\www\weiyuns\ThinkPHPFrame\Library\Behavior\CheckLangBehavior.class.php 第 55 行.
INFO: Run Behavior\CheckLangBehavior [ RunTime:0.000740s ]
INFO: [ app_begin ] --END-- [ RunTime:0.005860s ]
ERR: 无法加载控制器:Plugin

[ 2017-10-07T09:01:05+08:00 ] ::1 /admin.php/plugin/layui/layui.js
INFO: [ app_init ] --START--
INFO: Run Behavior\BuildLiteBehavior [ RunTime:0.000032s ]
INFO: [ app_init ] --END-- [ RunTime:0.000977s ]
INFO: [ app_begin ] --START--
INFO: Run Behavior\ReadHtmlCacheBehavior [ RunTime:0.001836s ]
INFO: Run Behavior\CheckLangBehavior [ RunTime:0.002025s ]
NOTIC: [8] Constant LANG_SET already defined D:\www\weiyuns\ThinkPHPFrame\Library\Behavior\CheckLangBehavior.class.php 第 55 行.
INFO: Run Behavior\CheckLangBehavior [ RunTime:0.000601s ]
INFO: [ app_begin ] --END-- [ RunTime:0.004911s ]
ERR: 无法加载控制器:Plugin

[ 2017-10-07T09:01:06+08:00 ] ::1 /admin.php/plugin/layui/layui.js
INFO: [ app_init ] --START--
INFO: Run Behavior\BuildLiteBehavior [ RunTime:0.000033s ]
INFO: [ app_init ] --END-- [ RunTime:0.001003s ]
INFO: [ app_begin ] --START--
INFO: Run Behavior\ReadHtmlCacheBehavior [ RunTime:0.001634s ]
INFO: Run Behavior\CheckLangBehavior [ RunTime:0.002126s ]
NOTIC: [8] Constant LANG_SET already defined D:\www\weiyuns\ThinkPHPFrame\Library\Behavior\CheckLangBehavior.class.php 第 55 行.
INFO: Run Behavior\CheckLangBehavior [ RunTime:0.000567s ]
INFO: [ app_begin ] --END-- [ RunTime:0.004559s ]
ERR: 无法加载控制器:Plugin

[ 2017-10-07T09:01:06+08:00 ] ::1 /admin.php/plugin/layui/layui.js
INFO: [ app_init ] --START--
INFO: Run Behavior\BuildLiteBehavior [ RunTime:0.000019s ]
INFO: [ app_init ] --END-- [ RunTime:0.000766s ]
INFO: [ app_begin ] --START--
INFO: Run Behavior\ReadHtmlCacheBehavior [ RunTime:0.001355s ]
INFO: Run Behavior\CheckLangBehavior [ RunTime:0.001629s ]
NOTIC: [8] Constant LANG_SET already defined D:\www\weiyuns\ThinkPHPFrame\Library\Behavior\CheckLangBehavior.class.php 第 55 行.
INFO: Run Behavior\CheckLangBehavior [ RunTime:0.000510s ]
INFO: [ app_begin ] --END-- [ RunTime:0.003707s ]
ERR: 无法加载控制器:Plugin

